{"C:\\Users\\user\\datiam-os\\backend\\src\\modules\\commercial-intelligence\\ci-audit.middleware.ts": {"path":"C:\\Users\\user\\datiam-os\\backend\\src\\modules\\commercial-intelligence\\ci-audit.middleware.ts","statementMap":{"0":{"start":{"line":22,"column":13},"end":{"line":22,"column":null}},"1":{"start":{"line":23,"column":21},"end":{"line":23,"column":null}},"2":{"start":{"line":24,"column":20},"end":{"line":24,"column":null}},"3":{"start":{"line":26,"column":2},"end":{"line":56,"column":null}}},"fnMap":{"0":{"name":"auditCiAccess","decl":{"start":{"line":21,"column":16},"end":{"line":21,"column":30}},"loc":{"start":{"line":21,"column":71},"end":{"line":57,"column":null}},"line":21}},"branchMap":{"0":{"loc":{"start":{"line":22,"column":13},"end":{"line":22,"column":null}},"type":"binary-expr","locations":[{"start":{"line":22,"column":13},"end":{"line":22,"column":24}},{"start":{"line":22,"column":24},"end":{"line":22,"column":53}},{"start":{"line":22,"column":53},"end":{"line":22,"column":null}}],"line":22},"1":{"loc":{"start":{"line":23,"column":21},"end":{"line":23,"column":null}},"type":"binary-expr","locations":[{"start":{"line":23,"column":21},"end":{"line":23,"column":73}},{"start":{"line":23,"column":73},"end":{"line":23,"column":null}}],"line":23},"2":{"loc":{"start":{"line":29,"column":15},"end":{"line":31,"column":null}},"type":"cond-expr","locations":[{"start":{"line":30,"column":8},"end":{"line":30,"column":null}},{"start":{"line":31,"column":8},"end":{"line":31,"column":null}}],"line":29},"3":{"loc":{"start":{"line":33,"column":16},"end":{"line":33,"column":null}},"type":"cond-expr","locations":[{"start":{"line":33,"column":50},"end":{"line":33,"column":61}},{"start":{"line":33,"column":61},"end":{"line":33,"column":null}}],"line":33},"4":{"loc":{"start":{"line":34,"column":14},"end":{"line":34,"column":null}},"type":"binary-expr","locations":[{"start":{"line":34,"column":14},"end":{"line":34,"column":32}},{"start":{"line":34,"column":32},"end":{"line":34,"column":null}}],"line":34},"5":{"loc":{"start":{"line":35,"column":11},"end":{"line":37,"column":null}},"type":"cond-expr","locations":[{"start":{"line":36,"column":8},"end":{"line":36,"column":null}},{"start":{"line":37,"column":8},"end":{"line":37,"column":null}}],"line":35},"6":{"loc":{"start":{"line":36,"column":32},"end":{"line":36,"column":null}},"type":"binary-expr","locations":[{"start":{"line":36,"column":32},"end":{"line":36,"column":50}},{"start":{"line":36,"column":50},"end":{"line":36,"column":68}},{"start":{"line":36,"column":68},"end":{"line":36,"column":null}}],"line":36},"7":{"loc":{"start":{"line":37,"column":37},"end":{"line":37,"column":null}},"type":"binary-expr","locations":[{"start":{"line":37,"column":37},"end":{"line":37,"column":59}},{"start":{"line":37,"column":59},"end":{"line":37,"column":null}}],"line":37},"8":{"loc":{"start":{"line":38,"column":17},"end":{"line":40,"column":null}},"type":"cond-expr","locations":[{"start":{"line":39,"column":8},"end":{"line":39,"column":null}},{"start":{"line":40,"column":8},"end":{"line":40,"column":null}}],"line":38},"9":{"loc":{"start":{"line":39,"column":16},"end":{"line":39,"column":45}},"type":"binary-expr","locations":[{"start":{"line":39,"column":16},"end":{"line":39,"column":35}},{"start":{"line":39,"column":35},"end":{"line":39,"column":45}}],"line":39},"10":{"loc":{"start":{"line":39,"column":49},"end":{"line":39,"column":77}},"type":"binary-expr","locations":[{"start":{"line":39,"column":49},"end":{"line":39,"column":67}},{"start":{"line":39,"column":67},"end":{"line":39,"column":77}}],"line":39},"11":{"loc":{"start":{"line":40,"column":34},"end":{"line":40,"column":63}},"type":"binary-expr","locations":[{"start":{"line":40,"column":34},"end":{"line":40,"column":53}},{"start":{"line":40,"column":53},"end":{"line":40,"column":63}}],"line":40},"12":{"loc":{"start":{"line":40,"column":67},"end":{"line":40,"column":null}},"type":"binary-expr","locations":[{"start":{"line":40,"column":67},"end":{"line":40,"column":89}},{"start":{"line":40,"column":89},"end":{"line":40,"column":null}}],"line":40},"13":{"loc":{"start":{"line":41,"column":14},"end":{"line":41,"column":null}},"type":"cond-expr","locations":[{"start":{"line":41,"column":26},"end":{"line":41,"column":35}},{"start":{"line":41,"column":35},"end":{"line":41,"column":null}}],"line":41},"14":{"loc":{"start":{"line":44,"column":14},"end":{"line":44,"column":null}},"type":"binary-expr","locations":[{"start":{"line":44,"column":14},"end":{"line":44,"column":30}},{"start":{"line":44,"column":30},"end":{"line":44,"column":null}}],"line":44},"15":{"loc":{"start":{"line":45,"column":17},"end":{"line":45,"column":null}},"type":"binary-expr","locations":[{"start":{"line":45,"column":17},"end":{"line":45,"column":36}},{"start":{"line":45,"column":36},"end":{"line":45,"column":null}}],"line":45},"16":{"loc":{"start":{"line":46,"column":16},"end":{"line":46,"column":null}},"type":"binary-expr","locations":[{"start":{"line":46,"column":16},"end":{"line":46,"column":34}},{"start":{"line":46,"column":34},"end":{"line":46,"column":null}}],"line":46},"17":{"loc":{"start":{"line":47,"column":16},"end":{"line":47,"column":null}},"type":"binary-expr","locations":[{"start":{"line":47,"column":16},"end":{"line":47,"column":34}},{"start":{"line":47,"column":34},"end":{"line":47,"column":null}}],"line":47},"18":{"loc":{"start":{"line":48,"column":16},"end":{"line":48,"column":null}},"type":"binary-expr","locations":[{"start":{"line":48,"column":16},"end":{"line":48,"column":34}},{"start":{"line":48,"column":34},"end":{"line":48,"column":null}}],"line":48},"19":{"loc":{"start":{"line":54,"column":20},"end":{"line":54,"column":null}},"type":"binary-expr","locations":[{"start":{"line":54,"column":20},"end":{"line":54,"column":42}},{"start":{"line":54,"column":42},"end":{"line":54,"column":null}}],"line":54}},"s":{"0":0,"1":0,"2":0,"3":0},"f":{"0":0},"b":{"0":[0,0,0],"1":[0,0],"2":[0,0],"3":[0,0],"4":[0,0],"5":[0,0],"6":[0,0,0],"7":[0,0],"8":[0,0],"9":[0,0],"10":[0,0],"11":[0,0],"12":[0,0],"13":[0,0],"14":[0,0],"15":[0,0],"16":[0,0],"17":[0,0],"18":[0,0],"19":[0,0]},"meta":{"lastBranch":20,"lastFunction":1,"lastStatement":4,"seen":{"f:21:16:21:30":0,"s:22:13:22:Infinity":0,"b:22:13:22:24:22:24:22:53:22:53:22:Infinity":0,"s:23:21:23:Infinity":1,"b:23:21:23:73:23:73:23:Infinity":1,"s:24:20:24:Infinity":2,"s:26:2:56:Infinity":3,"b:30:8:30:Infinity:31:8:31:Infinity":2,"b:33:50:33:61:33:61:33:Infinity":3,"b:34:14:34:32:34:32:34:Infinity":4,"b:36:8:36:Infinity:37:8:37:Infinity":5,"b:36:32:36:50:36:50:36:68:36:68:36:Infinity":6,"b:37:37:37:59:37:59:37:Infinity":7,"b:39:8:39:Infinity:40:8:40:Infinity":8,"b:39:16:39:35:39:35:39:45":9,"b:39:49:39:67:39:67:39:77":10,"b:40:34:40:53:40:53:40:63":11,"b:40:67:40:89:40:89:40:Infinity":12,"b:41:26:41:35:41:35:41:Infinity":13,"b:44:14:44:30:44:30:44:Infinity":14,"b:45:17:45:36:45:36:45:Infinity":15,"b:46:16:46:34:46:34:46:Infinity":16,"b:47:16:47:34:47:34:47:Infinity":17,"b:48:16:48:34:48:34:48:Infinity":18,"b:54:20:54:42:54:42:54:Infinity":19},"fnNames":{}}}
,"C:\\Users\\user\\datiam-os\\backend\\src\\modules\\commercial-intelligence\\commercial-intelligence.router.ts": {"path":"C:\\Users\\user\\datiam-os\\backend\\src\\modules\\commercial-intelligence\\commercial-intelligence.router.ts","statementMap":{"0":{"start":{"line":13,"column":6},"end":{"line":13,"column":null}},"1":{"start":{"line":19,"column":0},"end":{"line":45,"column":null}},"2":{"start":{"line":20,"column":2},"end":{"line":43,"column":null}},"3":{"start":{"line":21,"column":15},"end":{"line":21,"column":null}},"4":{"start":{"line":22,"column":4},"end":{"line":22,"column":null}},"5":{"start":{"line":22,"column":34},"end":{"line":22,"column":null}},"6":{"start":{"line":27,"column":21},"end":{"line":27,"column":null}},"7":{"start":{"line":28,"column":24},"end":{"line":28,"column":null}},"8":{"start":{"line":29,"column":22},"end":{"line":29,"column":null}},"9":{"start":{"line":30,"column":23},"end":{"line":30,"column":null}},"10":{"start":{"line":32,"column":26},"end":{"line":32,"column":null}},"11":{"start":{"line":33,"column":21},"end":{"line":33,"column":null}},"12":{"start":{"line":34,"column":21},"end":{"line":34,"column":null}},"13":{"start":{"line":36,"column":4},"end":{"line":42,"column":null}},"14":{"start":{"line":44,"column":2},"end":{"line":44,"column":null}},"15":{"start":{"line":49,"column":0},"end":{"line":49,"column":null}},"16":{"start":{"line":53,"column":6},"end":{"line":53,"column":null}},"17":{"start":{"line":58,"column":2},"end":{"line":58,"column":null}},"18":{"start":{"line":63,"column":0},"end":{"line":112,"column":null}},"19":{"start":{"line":67,"column":26},"end":{"line":67,"column":null}},"20":{"start":{"line":68,"column":21},"end":{"line":68,"column":null}},"21":{"start":{"line":69,"column":18},"end":{"line":72,"column":null}},"22":{"start":{"line":74,"column":4},"end":{"line":110,"column":null}},"23":{"start":{"line":76,"column":26},"end":{"line":80,"column":null}},"24":{"start":{"line":82,"column":6},"end":{"line":91,"column":null}},"25":{"start":{"line":83,"column":8},"end":{"line":88,"column":null}},"26":{"start":{"line":89,"column":8},"end":{"line":89,"column":null}},"27":{"start":{"line":90,"column":8},"end":{"line":90,"column":null}},"28":{"start":{"line":93,"column":22},"end":{"line":93,"column":null}},"29":{"start":{"line":95,"column":6},"end":{"line":99,"column":null}},"30":{"start":{"line":101,"column":6},"end":{"line":101,"column":null}},"31":{"start":{"line":103,"column":6},"end":{"line":108,"column":null}},"32":{"start":{"line":109,"column":6},"end":{"line":109,"column":null}},"33":{"start":{"line":115,"column":0},"end":{"line":170,"column":null}},"34":{"start":{"line":119,"column":26},"end":{"line":119,"column":null}},"35":{"start":{"line":121,"column":4},"end":{"line":168,"column":null}},"36":{"start":{"line":124,"column":26},"end":{"line":128,"column":null}},"37":{"start":{"line":130,"column":23},"end":{"line":130,"column":null}},"38":{"start":{"line":132,"column":6},"end":{"line":141,"column":null}},"39":{"start":{"line":133,"column":8},"end":{"line":138,"column":null}},"40":{"start":{"line":139,"column":8},"end":{"line":139,"column":null}},"41":{"start":{"line":140,"column":8},"end":{"line":140,"column":null}},"42":{"start":{"line":143,"column":21},"end":{"line":143,"column":null}},"43":{"start":{"line":145,"column":6},"end":{"line":150,"column":null}},"44":{"start":{"line":152,"column":6},"end":{"line":152,"column":null}},"45":{"start":{"line":154,"column":22},"end":{"line":154,"column":null}},"46":{"start":{"line":156,"column":6},"end":{"line":161,"column":null}},"47":{"start":{"line":163,"column":6},"end":{"line":166,"column":null}},"48":{"start":{"line":164,"column":8},"end":{"line":164,"column":null}},"49":{"start":{"line":165,"column":8},"end":{"line":165,"column":null}},"50":{"start":{"line":167,"column":6},"end":{"line":167,"column":null}}},"fnMap":{"0":{"name":"(anonymous_0)","decl":{"start":{"line":19,"column":7},"end":{"line":19,"column":12}},"loc":{"start":{"line":19,"column":70},"end":{"line":45,"column":1}},"line":19},"1":{"name":"(anonymous_1)","decl":{"start":{"line":20,"column":9},"end":{"line":20,"column":25}},"loc":{"start":{"line":20,"column":25},"end":{"line":43,"column":3}},"line":20},"2":{"name":"isAdminUser","decl":{"start":{"line":57,"column":9},"end":{"line":57,"column":21}},"loc":{"start":{"line":57,"column":44},"end":{"line":59,"column":null}},"line":57},"3":{"name":"(anonymous_3)","decl":{"start":{"line":66,"column":2},"end":{"line":66,"column":9}},"loc":{"start":{"line":66,"column":76},"end":{"line":111,"column":null}},"line":66},"4":{"name":"(anonymous_4)","decl":{"start":{"line":118,"column":2},"end":{"line":118,"column":9}},"loc":{"start":{"line":118,"column":76},"end":{"line":169,"column":null}},"line":118}},"branchMap":{"0":{"loc":{"start":{"line":22,"column":4},"end":{"line":22,"column":null}},"type":"if","locations":[{"start":{"line":22,"column":4},"end":{"line":22,"column":null}},{"start":{},"end":{}}],"line":22},"1":{"loc":{"start":{"line":22,"column":8},"end":{"line":22,"column":34}},"type":"binary-expr","locations":[{"start":{"line":22,"column":8},"end":{"line":22,"column":22}},{"start":{"line":22,"column":22},"end":{"line":22,"column":34}}],"line":22},"2":{"loc":{"start":{"line":27,"column":21},"end":{"line":27,"column":null}},"type":"binary-expr","locations":[{"start":{"line":27,"column":21},"end":{"line":27,"column":40}},{"start":{"line":27,"column":40},"end":{"line":27,"column":null}}],"line":27},"3":{"loc":{"start":{"line":33,"column":21},"end":{"line":33,"column":null}},"type":"cond-expr","locations":[{"start":{"line":33,"column":37},"end":{"line":33,"column":50}},{"start":{"line":33,"column":50},"end":{"line":33,"column":null}}],"line":33},"4":{"loc":{"start":{"line":34,"column":21},"end":{"line":34,"column":null}},"type":"cond-expr","locations":[{"start":{"line":34,"column":38},"end":{"line":34,"column":51}},{"start":{"line":34,"column":51},"end":{"line":34,"column":null}}],"line":34},"5":{"loc":{"start":{"line":37,"column":13},"end":{"line":37,"column":null}},"type":"cond-expr","locations":[{"start":{"line":37,"column":29},"end":{"line":37,"column":47}},{"start":{"line":37,"column":47},"end":{"line":37,"column":null}}],"line":37},"6":{"loc":{"start":{"line":41,"column":20},"end":{"line":41,"column":null}},"type":"cond-expr","locations":[{"start":{"line":41,"column":33},"end":{"line":41,"column":53}},{"start":{"line":41,"column":53},"end":{"line":41,"column":null}}],"line":41},"7":{"loc":{"start":{"line":58,"column":9},"end":{"line":58,"column":null}},"type":"binary-expr","locations":[{"start":{"line":58,"column":9},"end":{"line":58,"column":39}},{"start":{"line":58,"column":39},"end":{"line":58,"column":null}}],"line":58},"8":{"loc":{"start":{"line":70,"column":15},"end":{"line":70,"column":63}},"type":"cond-expr","locations":[{"start":{"line":70,"column":46},"end":{"line":70,"column":57}},{"start":{"line":70,"column":57},"end":{"line":70,"column":63}}],"line":70},"9":{"loc":{"start":{"line":82,"column":6},"end":{"line":91,"column":null}},"type":"if","locations":[{"start":{"line":82,"column":6},"end":{"line":91,"column":null}},{"start":{},"end":{}}],"line":82},"10":{"loc":{"start":{"line":82,"column":10},"end":{"line":82,"column":43}},"type":"binary-expr","locations":[{"start":{"line":82,"column":10},"end":{"line":82,"column":31}},{"start":{"line":82,"column":31},"end":{"line":82,"column":43}}],"line":82},"11":{"loc":{"start":{"line":107,"column":22},"end":{"line":107,"column":null}},"type":"cond-expr","locations":[{"start":{"line":107,"column":45},"end":{"line":107,"column":59}},{"start":{"line":107,"column":59},"end":{"line":107,"column":null}}],"line":107},"12":{"loc":{"start":{"line":130,"column":23},"end":{"line":130,"column":null}},"type":"binary-expr","locations":[{"start":{"line":130,"column":23},"end":{"line":130,"column":47}},{"start":{"line":130,"column":47},"end":{"line":130,"column":null}}],"line":130},"13":{"loc":{"start":{"line":132,"column":6},"end":{"line":141,"column":null}},"type":"if","locations":[{"start":{"line":132,"column":6},"end":{"line":141,"column":null}},{"start":{},"end":{}}],"line":132},"14":{"loc":{"start":{"line":132,"column":10},"end":{"line":132,"column":43}},"type":"binary-expr","locations":[{"start":{"line":132,"column":10},"end":{"line":132,"column":31}},{"start":{"line":132,"column":31},"end":{"line":132,"column":43}}],"line":132},"15":{"loc":{"start":{"line":148,"column":18},"end":{"line":148,"column":null}},"type":"binary-expr","locations":[{"start":{"line":148,"column":18},"end":{"line":148,"column":30}},{"start":{"line":148,"column":30},"end":{"line":148,"column":null}}],"line":148},"16":{"loc":{"start":{"line":154,"column":22},"end":{"line":154,"column":null}},"type":"cond-expr","locations":[{"start":{"line":154,"column":45},"end":{"line":154,"column":59}},{"start":{"line":154,"column":59},"end":{"line":154,"column":null}}],"line":154},"17":{"loc":{"start":{"line":163,"column":6},"end":{"line":166,"column":null}},"type":"if","locations":[{"start":{"line":163,"column":6},"end":{"line":166,"column":null}},{"start":{},"end":{}}],"line":163},"18":{"loc":{"start":{"line":163,"column":10},"end":{"line":163,"column":88}},"type":"binary-expr","locations":[{"start":{"line":163,"column":10},"end":{"line":163,"column":46}},{"start":{"line":163,"column":46},"end":{"line":163,"column":88}}],"line":163}},"s":{"0":1,"1":1,"2":22,"3":22,"4":22,"5":18,"6":4,"7":22,"8":22,"9":22,"10":22,"11":22,"12":22,"13":22,"14":22,"15":1,"16":1,"17":18,"18":1,"19":7,"20":7,"21":7,"22":7,"23":7,"24":7,"25":1,"26":1,"27":1,"28":6,"29":6,"30":6,"31":0,"32":0,"33":1,"34":11,"35":11,"36":11,"37":11,"38":11,"39":1,"40":1,"41":1,"42":10,"43":7,"44":11,"45":3,"46":3,"47":3,"48":2,"49":2,"50":1},"f":{"0":22,"1":22,"2":18,"3":7,"4":11},"b":{"0":[18,4],"1":[22,20],"2":[4,0],"3":[2,2],"4":[2,2],"5":[2,2],"6":[2,2],"7":[18,7],"8":[2,5],"9":[1,6],"10":[7,1],"11":[0,0],"12":[11,2],"13":[1,10],"14":[11,3],"15":[7,1],"16":[3,0],"17":[2,1],"18":[3,2]},"meta":{"lastBranch":19,"lastFunction":5,"lastStatement":51,"seen":{"s:13:6:13:Infinity":0,"s:19:0:45:Infinity":1,"f:19:7:19:12":0,"s:20:2:43:Infinity":2,"f:20:9:20:25":1,"s:21:15:21:Infinity":3,"b:22:4:22:Infinity:undefined:undefined:undefined:undefined":0,"s:22:4:22:Infinity":4,"b:22:8:22:22:22:22:22:34":1,"s:22:34:22:Infinity":5,"s:27:21:27:Infinity":6,"b:27:21:27:40:27:40:27:Infinity":2,"s:28:24:28:Infinity":7,"s:29:22:29:Infinity":8,"s:30:23:30:Infinity":9,"s:32:26:32:Infinity":10,"s:33:21:33:Infinity":11,"b:33:37:33:50:33:50:33:Infinity":3,"s:34:21:34:Infinity":12,"b:34:38:34:51:34:51:34:Infinity":4,"s:36:4:42:Infinity":13,"b:37:29:37:47:37:47:37:Infinity":5,"b:41:33:41:53:41:53:41:Infinity":6,"s:44:2:44:Infinity":14,"s:49:0:49:Infinity":15,"s:53:6:53:Infinity":16,"f:57:9:57:21":2,"s:58:2:58:Infinity":17,"b:58:9:58:39:58:39:58:Infinity":7,"s:63:0:112:Infinity":18,"f:66:2:66:9":3,"s:67:26:67:Infinity":19,"s:68:21:68:Infinity":20,"s:69:18:72:Infinity":21,"b:70:46:70:57:70:57:70:63":8,"s:74:4:110:Infinity":22,"s:76:26:80:Infinity":23,"b:82:6:91:Infinity:undefined:undefined:undefined:undefined":9,"s:82:6:91:Infinity":24,"b:82:10:82:31:82:31:82:43":10,"s:83:8:88:Infinity":25,"s:89:8:89:Infinity":26,"s:90:8:90:Infinity":27,"s:93:22:93:Infinity":28,"s:95:6:99:Infinity":29,"s:101:6:101:Infinity":30,"s:103:6:108:Infinity":31,"b:107:45:107:59:107:59:107:Infinity":11,"s:109:6:109:Infinity":32,"s:115:0:170:Infinity":33,"f:118:2:118:9":4,"s:119:26:119:Infinity":34,"s:121:4:168:Infinity":35,"s:124:26:128:Infinity":36,"s:130:23:130:Infinity":37,"b:130:23:130:47:130:47:130:Infinity":12,"b:132:6:141:Infinity:undefined:undefined:undefined:undefined":13,"s:132:6:141:Infinity":38,"b:132:10:132:31:132:31:132:43":14,"s:133:8:138:Infinity":39,"s:139:8:139:Infinity":40,"s:140:8:140:Infinity":41,"s:143:21:143:Infinity":42,"s:145:6:150:Infinity":43,"b:148:18:148:30:148:30:148:Infinity":15,"s:152:6:152:Infinity":44,"s:154:22:154:Infinity":45,"b:154:45:154:59:154:59:154:Infinity":16,"s:156:6:161:Infinity":46,"b:163:6:166:Infinity:undefined:undefined:undefined:undefined":17,"s:163:6:166:Infinity":47,"b:163:10:163:46:163:46:163:88":18,"s:164:8:164:Infinity":48,"s:165:8:165:Infinity":49,"s:167:6:167:Infinity":50},"fnNames":{}}}
,"C:\\Users\\user\\datiam-os\\backend\\src\\modules\\commercial-intelligence\\commercial-intelligence.service.ts": {"path":"C:\\Users\\user\\datiam-os\\backend\\src\\modules\\commercial-intelligence\\commercial-intelligence.service.ts","statementMap":{"0":{"start":{"line":21,"column":2},"end":{"line":21,"column":null}},"1":{"start":{"line":21,"column":37},"end":{"line":21,"column":null}},"2":{"start":{"line":22,"column":17},"end":{"line":22,"column":null}},"3":{"start":{"line":23,"column":2},"end":{"line":23,"column":null}},"4":{"start":{"line":29,"column":2},"end":{"line":80,"column":null}},"5":{"start":{"line":87,"column":2},"end":{"line":108,"column":null}},"6":{"start":{"line":115,"column":52},"end":{"line":120,"column":null}},"7":{"start":{"line":122,"column":2},"end":{"line":124,"column":null}},"8":{"start":{"line":123,"column":4},"end":{"line":123,"column":null}},"9":{"start":{"line":125,"column":2},"end":{"line":127,"column":null}},"10":{"start":{"line":126,"column":4},"end":{"line":126,"column":null}},"11":{"start":{"line":129,"column":17},"end":{"line":129,"column":null}},"12":{"start":{"line":130,"column":17},"end":{"line":130,"column":null}},"13":{"start":{"line":131,"column":17},"end":{"line":131,"column":null}},"14":{"start":{"line":132,"column":19},"end":{"line":132,"column":null}},"15":{"start":{"line":134,"column":25},"end":{"line":134,"column":null}},"16":{"start":{"line":135,"column":25},"end":{"line":135,"column":null}},"17":{"start":{"line":136,"column":25},"end":{"line":136,"column":null}},"18":{"start":{"line":138,"column":25},"end":{"line":143,"column":null}},"19":{"start":{"line":140,"column":17},"end":{"line":140,"column":51}},"20":{"start":{"line":141,"column":22},"end":{"line":141,"column":31}},"21":{"start":{"line":142,"column":25},"end":{"line":142,"column":32}},"22":{"start":{"line":143,"column":22},"end":{"line":143,"column":23}},"23":{"start":{"line":156,"column":6},"end":{"line":166,"column":null}},"24":{"start":{"line":168,"column":2},"end":{"line":182,"column":null}},"25":{"start":{"line":186,"column":17},"end":{"line":191,"column":null}},"26":{"start":{"line":193,"column":18},"end":{"line":195,"column":null}},"27":{"start":{"line":194,"column":21},"end":{"line":194,"column":66}},"28":{"start":{"line":197,"column":2},"end":{"line":199,"column":null}},"29":{"start":{"line":198,"column":78},"end":{"line":198,"column":102}},"30":{"start":{"line":199,"column":14},"end":{"line":199,"column":21}}},"fnMap":{"0":{"name":"n","decl":{"start":{"line":20,"column":9},"end":{"line":20,"column":11}},"loc":{"start":{"line":20,"column":58},"end":{"line":24,"column":null}},"line":20},"1":{"name":"reconstructCategoryScores","decl":{"start":{"line":26,"column":9},"end":{"line":26,"column":null}},"loc":{"start":{"line":28,"column":39},"end":{"line":81,"column":null}},"line":28},"2":{"name":"buildDnaInput","decl":{"start":{"line":83,"column":9},"end":{"line":83,"column":null}},"loc":{"start":{"line":86,"column":19},"end":{"line":109,"column":null}},"line":86},"3":{"name":"getCommercialIntelligenceReport","decl":{"start":{"line":113,"column":22},"end":{"line":113,"column":54}},"loc":{"start":{"line":113,"column":111},"end":{"line":183,"column":null}},"line":113},"4":{"name":"(anonymous_4)","decl":{"start":{"line":140,"column":7},"end":{"line":140,"column":11}},"loc":{"start":{"line":140,"column":17},"end":{"line":140,"column":51}},"line":140},"5":{"name":"(anonymous_5)","decl":{"start":{"line":141,"column":7},"end":{"line":141,"column":13}},"loc":{"start":{"line":141,"column":22},"end":{"line":141,"column":31}},"line":141},"6":{"name":"(anonymous_6)","decl":{"start":{"line":142,"column":7},"end":{"line":142,"column":15}},"loc":{"start":{"line":142,"column":25},"end":{"line":142,"column":32}},"line":142},"7":{"name":"(anonymous_7)","decl":{"start":{"line":143,"column":7},"end":{"line":143,"column":12}},"loc":{"start":{"line":143,"column":22},"end":{"line":143,"column":23}},"line":143},"8":{"name":"getArtistCommercialReports","decl":{"start":{"line":185,"column":22},"end":{"line":185,"column":49}},"loc":{"start":{"line":185,"column":120},"end":{"line":200,"column":null}},"line":185},"9":{"name":"(anonymous_9)","decl":{"start":{"line":194,"column":11},"end":{"line":194,"column":15}},"loc":{"start":{"line":194,"column":21},"end":{"line":194,"column":66}},"line":194},"10":{"name":"(anonymous_10)","decl":{"start":{"line":198,"column":5},"end":{"line":198,"column":13}},"loc":{"start":{"line":198,"column":78},"end":{"line":198,"column":102}},"line":198},"11":{"name":"(anonymous_11)","decl":{"start":{"line":199,"column":5},"end":{"line":199,"column":9}},"loc":{"start":{"line":199,"column":14},"end":{"line":199,"column":21}},"line":199}},"branchMap":{"0":{"loc":{"start":{"line":21,"column":2},"end":{"line":21,"column":null}},"type":"if","locations":[{"start":{"line":21,"column":2},"end":{"line":21,"column":null}},{"start":{},"end":{}}],"line":21},"1":{"loc":{"start":{"line":21,"column":6},"end":{"line":21,"column":37}},"type":"binary-expr","locations":[{"start":{"line":21,"column":6},"end":{"line":21,"column":20}},{"start":{"line":21,"column":20},"end":{"line":21,"column":37}}],"line":21},"2":{"loc":{"start":{"line":22,"column":17},"end":{"line":22,"column":null}},"type":"cond-expr","locations":[{"start":{"line":22,"column":41},"end":{"line":22,"column":57}},{"start":{"line":22,"column":57},"end":{"line":22,"column":null}}],"line":22},"3":{"loc":{"start":{"line":23,"column":9},"end":{"line":23,"column":null}},"type":"cond-expr","locations":[{"start":{"line":23,"column":25},"end":{"line":23,"column":29}},{"start":{"line":23,"column":29},"end":{"line":23,"column":null}}],"line":23},"4":{"loc":{"start":{"line":88,"column":20},"end":{"line":88,"column":null}},"type":"binary-expr","locations":[{"start":{"line":88,"column":20},"end":{"line":88,"column":41}},{"start":{"line":88,"column":41},"end":{"line":88,"column":null}}],"line":88},"5":{"loc":{"start":{"line":89,"column":20},"end":{"line":89,"column":null}},"type":"binary-expr","locations":[{"start":{"line":89,"column":20},"end":{"line":89,"column":43}},{"start":{"line":89,"column":43},"end":{"line":89,"column":null}}],"line":89},"6":{"loc":{"start":{"line":90,"column":20},"end":{"line":90,"column":null}},"type":"binary-expr","locations":[{"start":{"line":90,"column":20},"end":{"line":90,"column":40}},{"start":{"line":90,"column":40},"end":{"line":90,"column":null}}],"line":90},"7":{"loc":{"start":{"line":91,"column":20},"end":{"line":91,"column":null}},"type":"binary-expr","locations":[{"start":{"line":91,"column":20},"end":{"line":91,"column":42}},{"start":{"line":91,"column":42},"end":{"line":91,"column":null}}],"line":91},"8":{"loc":{"start":{"line":104,"column":18},"end":{"line":104,"column":null}},"type":"binary-expr","locations":[{"start":{"line":104,"column":18},"end":{"line":104,"column":40}},{"start":{"line":104,"column":40},"end":{"line":104,"column":null}}],"line":104},"9":{"loc":{"start":{"line":122,"column":2},"end":{"line":124,"column":null}},"type":"if","locations":[{"start":{"line":122,"column":2},"end":{"line":124,"column":null}},{"start":{},"end":{}}],"line":122},"10":{"loc":{"start":{"line":125,"column":2},"end":{"line":127,"column":null}},"type":"if","locations":[{"start":{"line":125,"column":2},"end":{"line":127,"column":null}},{"start":{},"end":{}}],"line":125},"11":{"loc":{"start":{"line":130,"column":17},"end":{"line":130,"column":null}},"type":"binary-expr","locations":[{"start":{"line":130,"column":17},"end":{"line":130,"column":34}},{"start":{"line":130,"column":34},"end":{"line":130,"column":null}}],"line":130},"12":{"loc":{"start":{"line":132,"column":19},"end":{"line":132,"column":null}},"type":"binary-expr","locations":[{"start":{"line":132,"column":19},"end":{"line":132,"column":47}},{"start":{"line":132,"column":47},"end":{"line":132,"column":null}}],"line":132},"13":{"loc":{"start":{"line":138,"column":25},"end":{"line":143,"column":null}},"type":"binary-expr","locations":[{"start":{"line":138,"column":25},"end":{"line":138,"column":null}},{"start":{"line":139,"column":4},"end":{"line":143,"column":null}}],"line":138},"14":{"loc":{"start":{"line":185,"column":67},"end":{"line":185,"column":120}},"type":"default-arg","locations":[{"start":{"line":185,"column":75},"end":{"line":185,"column":120}}],"line":185}},"s":{"0":540,"1":3,"2":537,"3":540,"4":10,"5":10,"6":13,"7":13,"8":2,"9":11,"10":1,"11":10,"12":10,"13":13,"14":13,"15":13,"16":13,"17":13,"18":13,"19":10,"20":21,"21":10,"22":9,"23":13,"24":10,"25":3,"26":3,"27":4,"28":3,"29":4,"30":3},"f":{"0":540,"1":10,"2":10,"3":13,"4":10,"5":21,"6":10,"7":9,"8":3,"9":4,"10":4,"11":3},"b":{"0":[3,537],"1":[540,540],"2":[537,0],"3":[0,537],"4":[10,0],"5":[10,0],"6":[10,0],"7":[10,10],"8":[10,1],"9":[2,11],"10":[1,10],"11":[10,1],"12":[13,4],"13":[13,1],"14":[3]},"meta":{"lastBranch":15,"lastFunction":12,"lastStatement":31,"seen":{"f:20:9:20:11":0,"b:21:2:21:Infinity:undefined:undefined:undefined:undefined":0,"s:21:2:21:Infinity":0,"b:21:6:21:20:21:20:21:37":1,"s:21:37:21:Infinity":1,"s:22:17:22:Infinity":2,"b:22:41:22:57:22:57:22:Infinity":2,"s:23:2:23:Infinity":3,"b:23:25:23:29:23:29:23:Infinity":3,"f:26:9:26:Infinity":1,"s:29:2:80:Infinity":4,"f:83:9:83:Infinity":2,"s:87:2:108:Infinity":5,"b:88:20:88:41:88:41:88:Infinity":4,"b:89:20:89:43:89:43:89:Infinity":5,"b:90:20:90:40:90:40:90:Infinity":6,"b:91:20:91:42:91:42:91:Infinity":7,"b:104:18:104:40:104:40:104:Infinity":8,"f:113:22:113:54":3,"s:115:52:120:Infinity":6,"b:122:2:124:Infinity:undefined:undefined:undefined:undefined":9,"s:122:2:124:Infinity":7,"s:123:4:123:Infinity":8,"b:125:2:127:Infinity:undefined:undefined:undefined:undefined":10,"s:125:2:127:Infinity":9,"s:126:4:126:Infinity":10,"s:129:17:129:Infinity":11,"s:130:17:130:Infinity":12,"b:130:17:130:34:130:34:130:Infinity":11,"s:131:17:131:Infinity":13,"s:132:19:132:Infinity":14,"b:132:19:132:47:132:47:132:Infinity":12,"s:134:25:134:Infinity":15,"s:135:25:135:Infinity":16,"s:136:25:136:Infinity":17,"s:138:25:143:Infinity":18,"b:138:25:138:Infinity:139:4:143:Infinity":13,"f:140:7:140:11":4,"s:140:17:140:51":19,"f:141:7:141:13":5,"s:141:22:141:31":20,"f:142:7:142:15":6,"s:142:25:142:32":21,"f:143:7:143:12":7,"s:143:22:143:23":22,"s:156:6:166:Infinity":23,"s:168:2:182:Infinity":24,"f:185:22:185:49":8,"b:185:75:185:120":14,"s:186:17:191:Infinity":25,"s:193:18:195:Infinity":26,"f:194:11:194:15":9,"s:194:21:194:66":27,"s:197:2:199:Infinity":28,"f:198:5:198:13":10,"s:198:78:198:102":29,"f:199:5:199:9":11,"s:199:14:199:21":30},"fnNames":{}}}
,"C:\\Users\\user\\datiam-os\\backend\\src\\modules\\commercial-intelligence\\commercial-intelligence.types.ts": {"path":"C:\\Users\\user\\datiam-os\\backend\\src\\modules\\commercial-intelligence\\commercial-intelligence.types.ts","statementMap":{},"fnMap":{},"branchMap":{},"s":{},"f":{},"b":{},"meta":{"lastBranch":0,"lastFunction":0,"lastStatement":0,"seen":{},"fnNames":{}}}
,"C:\\Users\\user\\datiam-os\\backend\\src\\modules\\commercial-intelligence\\commercial-placement.ts": {"path":"C:\\Users\\user\\datiam-os\\backend\\src\\modules\\commercial-intelligence\\commercial-placement.ts","statementMap":{"0":{"start":{"line":3,"column":176},"end":{"line":39,"column":null}},"1":{"start":{"line":44,"column":18},"end":{"line":44,"column":null}},"2":{"start":{"line":45,"column":15},"end":{"line":46,"column":null}},"3":{"start":{"line":45,"column":51},"end":{"line":45,"column":87}},"4":{"start":{"line":48,"column":2},"end":{"line":53,"column":null}}},"fnMap":{"0":{"name":"buildCommercialPlacementPotential","decl":{"start":{"line":41,"column":16},"end":{"line":41,"column":50}},"loc":{"start":{"line":41,"column":106},"end":{"line":54,"column":null}},"line":41},"1":{"name":"(anonymous_1)","decl":{"start":{"line":45,"column":41},"end":{"line":45,"column":46}},"loc":{"start":{"line":45,"column":51},"end":{"line":45,"column":87}},"line":45}},"branchMap":{"0":{"loc":{"start":{"line":45,"column":15},"end":{"line":46,"column":null}},"type":"binary-expr","locations":[{"start":{"line":45,"column":15},"end":{"line":45,"column":null}},{"start":{"line":46,"column":7},"end":{"line":46,"column":null}}],"line":45},"1":{"loc":{"start":{"line":45,"column":51},"end":{"line":45,"column":87}},"type":"binary-expr","locations":[{"start":{"line":45,"column":51},"end":{"line":45,"column":71}},{"start":{"line":45,"column":71},"end":{"line":45,"column":87}}],"line":45}},"s":{"0":2,"1":35,"2":35,"3":99,"4":35},"f":{"0":35,"1":99},"b":{"0":[35,0],"1":[99,35]},"meta":{"lastBranch":2,"lastFunction":2,"lastStatement":5,"seen":{"s:3:176:39:Infinity":0,"f:41:16:41:50":0,"s:44:18:44:Infinity":1,"s:45:15:46:Infinity":2,"b:45:15:45:Infinity:46:7:46:Infinity":0,"f:45:41:45:46":1,"s:45:51:45:87":3,"b:45:51:45:71:45:71:45:87":1,"s:48:2:53:Infinity":4},"fnNames":{}}}
,"C:\\Users\\user\\datiam-os\\backend\\src\\modules\\commercial-intelligence\\comparable-artists.ts": {"path":"C:\\Users\\user\\datiam-os\\backend\\src\\modules\\commercial-intelligence\\comparable-artists.ts","statementMap":{"0":{"start":{"line":17,"column":41},"end":{"line":176,"column":null}},"1":{"start":{"line":181,"column":2},"end":{"line":181,"column":null}},"2":{"start":{"line":181,"column":19},"end":{"line":181,"column":null}},"3":{"start":{"line":182,"column":13},"end":{"line":182,"column":null}},"4":{"start":{"line":183,"column":2},"end":{"line":193,"column":null}},"5":{"start":{"line":184,"column":4},"end":{"line":184,"column":null}},"6":{"start":{"line":184,"column":44},"end":{"line":184,"column":null}},"7":{"start":{"line":186,"column":4},"end":{"line":192,"column":null}},"8":{"start":{"line":192,"column":6},"end":{"line":192,"column":null}},"9":{"start":{"line":194,"column":2},"end":{"line":194,"column":null}},"10":{"start":{"line":198,"column":15},"end":{"line":199,"column":null}},"11":{"start":{"line":201,"column":16},"end":{"line":201,"column":null}},"12":{"start":{"line":202,"column":17},"end":{"line":202,"column":null}},"13":{"start":{"line":204,"column":2},"end":{"line":214,"column":null}},"14":{"start":{"line":205,"column":21},"end":{"line":205,"column":null}},"15":{"start":{"line":206,"column":22},"end":{"line":206,"column":null}},"16":{"start":{"line":207,"column":4},"end":{"line":207,"column":null}},"17":{"start":{"line":207,"column":55},"end":{"line":207,"column":null}},"18":{"start":{"line":209,"column":4},"end":{"line":209,"column":null}},"19":{"start":{"line":210,"column":17},"end":{"line":210,"column":null}},"20":{"start":{"line":211,"column":4},"end":{"line":213,"column":null}},"21":{"start":{"line":211,"column":20},"end":{"line":211,"column":null}},"22":{"start":{"line":212,"column":9},"end":{"line":213,"column":null}},"23":{"start":{"line":212,"column":25},"end":{"line":212,"column":null}},"24":{"start":{"line":213,"column":9},"end":{"line":213,"column":null}},"25":{"start":{"line":213,"column":25},"end":{"line":213,"column":null}},"26":{"start":{"line":216,"column":2},"end":{"line":216,"column":null}},"27":{"start":{"line":223,"column":15},"end":{"line":223,"column":null}},"28":{"start":{"line":224,"column":15},"end":{"line":224,"column":null}},"29":{"start":{"line":226,"column":2},"end":{"line":226,"column":null}},"30":{"start":{"line":230,"column":23},"end":{"line":230,"column":null}},"31":{"start":{"line":231,"column":19},"end":{"line":231,"column":null}},"32":{"start":{"line":233,"column":2},"end":{"line":235,"column":null}},"33":{"start":{"line":234,"column":4},"end":{"line":234,"column":null}},"34":{"start":{"line":236,"column":2},"end":{"line":238,"column":null}},"35":{"start":{"line":237,"column":4},"end":{"line":237,"column":null}},"36":{"start":{"line":239,"column":2},"end":{"line":241,"column":null}},"37":{"start":{"line":240,"column":4},"end":{"line":240,"column":null}},"38":{"start":{"line":242,"column":2},"end":{"line":242,"column":null}},"39":{"start":{"line":248,"column":17},"end":{"line":251,"column":null}},"40":{"start":{"line":248,"column":48},"end":{"line":251,"column":4}},"41":{"start":{"line":251,"column":21},"end":{"line":251,"column":48}},"42":{"start":{"line":253,"column":2},"end":{"line":261,"column":null}},"43":{"start":{"line":253,"column":61},"end":{"line":261,"column":4}}},"fnMap":{"0":{"name":"genreSimilarity","decl":{"start":{"line":180,"column":9},"end":{"line":180,"column":25}},"loc":{"start":{"line":180,"column":84},"end":{"line":195,"column":null}},"line":180},"1":{"name":"emotionalSimilarity","decl":{"start":{"line":197,"column":9},"end":{"line":197,"column":29}},"loc":{"start":{"line":197,"column":101},"end":{"line":217,"column":null}},"line":197},"2":{"name":"overallSimilarity","decl":{"start":{"line":219,"column":9},"end":{"line":219,"column":null}},"loc":{"start":{"line":222,"column":10},"end":{"line":227,"column":null}},"line":222},"3":{"name":"buildSimilarityReason","decl":{"start":{"line":229,"column":9},"end":{"line":229,"column":31}},"loc":{"start":{"line":229,"column":95},"end":{"line":243,"column":null}},"line":229},"4":{"name":"buildComparableArtists","decl":{"start":{"line":247,"column":16},"end":{"line":247,"column":39}},"loc":{"start":{"line":247,"column":79},"end":{"line":262,"column":null}},"line":247},"5":{"name":"(anonymous_5)","decl":{"start":{"line":248,"column":33},"end":{"line":248,"column":37}},"loc":{"start":{"line":248,"column":48},"end":{"line":251,"column":4}},"line":248},"6":{"name":"(anonymous_6)","decl":{"start":{"line":251,"column":6},"end":{"line":251,"column":12}},"loc":{"start":{"line":251,"column":21},"end":{"line":251,"column":48}},"line":251},"7":{"name":"(anonymous_7)","decl":{"start":{"line":253,"column":28},"end":{"line":253,"column":33}},"loc":{"start":{"line":253,"column":61},"end":{"line":261,"column":4}},"line":253}},"branchMap":{"0":{"loc":{"start":{"line":181,"column":2},"end":{"line":181,"column":null}},"type":"if","locations":[{"start":{"line":181,"column":2},"end":{"line":181,"column":null}},{"start":{},"end":{}}],"line":181},"1":{"loc":{"start":{"line":184,"column":4},"end":{"line":184,"column":null}},"type":"if","locations":[{"start":{"line":184,"column":4},"end":{"line":184,"column":null}},{"start":{},"end":{}}],"line":184},"2":{"loc":{"start":{"line":184,"column":8},"end":{"line":184,"column":44}},"type":"binary-expr","locations":[{"start":{"line":184,"column":8},"end":{"line":184,"column":27}},{"start":{"line":184,"column":27},"end":{"line":184,"column":44}}],"line":184},"3":{"loc":{"start":{"line":186,"column":4},"end":{"line":192,"column":null}},"type":"if","locations":[{"start":{"line":186,"column":4},"end":{"line":192,"column":null}},{"start":{},"end":{}}],"line":186},"4":{"loc":{"start":{"line":187,"column":7},"end":{"line":191,"column":null}},"type":"binary-expr","locations":[{"start":{"line":187,"column":7},"end":{"line":187,"column":30}},{"start":{"line":187,"column":30},"end":{"line":187,"column":null}},{"start":{"line":188,"column":7},"end":{"line":188,"column":34}},{"start":{"line":188,"column":34},"end":{"line":188,"column":57}},{"start":{"line":188,"column":57},"end":{"line":188,"column":null}},{"start":{"line":189,"column":7},"end":{"line":189,"column":37}},{"start":{"line":189,"column":37},"end":{"line":189,"column":59}},{"start":{"line":189,"column":59},"end":{"line":189,"column":null}},{"start":{"line":190,"column":7},"end":{"line":190,"column":29}},{"start":{"line":190,"column":29},"end":{"line":190,"column":null}},{"start":{"line":191,"column":7},"end":{"line":191,"column":36}},{"start":{"line":191,"column":36},"end":{"line":191,"column":64}},{"start":{"line":191,"column":64},"end":{"line":191,"column":null}}],"line":187},"5":{"loc":{"start":{"line":207,"column":4},"end":{"line":207,"column":null}},"type":"if","locations":[{"start":{"line":207,"column":4},"end":{"line":207,"column":null}},{"start":{},"end":{}}],"line":207},"6":{"loc":{"start":{"line":207,"column":8},"end":{"line":207,"column":55}},"type":"binary-expr","locations":[{"start":{"line":207,"column":8},"end":{"line":207,"column":35}},{"start":{"line":207,"column":35},"end":{"line":207,"column":55}}],"line":207},"7":{"loc":{"start":{"line":211,"column":4},"end":{"line":213,"column":null}},"type":"if","locations":[{"start":{"line":211,"column":4},"end":{"line":213,"column":null}},{"start":{"line":212,"column":9},"end":{"line":213,"column":null}}],"line":211},"8":{"loc":{"start":{"line":212,"column":9},"end":{"line":213,"column":null}},"type":"if","locations":[{"start":{"line":212,"column":9},"end":{"line":213,"column":null}},{"start":{"line":213,"column":9},"end":{"line":213,"column":null}}],"line":212},"9":{"loc":{"start":{"line":213,"column":9},"end":{"line":213,"column":null}},"type":"if","locations":[{"start":{"line":213,"column":9},"end":{"line":213,"column":null}},{"start":{},"end":{}}],"line":213},"10":{"loc":{"start":{"line":216,"column":9},"end":{"line":216,"column":null}},"type":"cond-expr","locations":[{"start":{"line":216,"column":26},"end":{"line":216,"column":31}},{"start":{"line":216,"column":31},"end":{"line":216,"column":null}}],"line":216},"11":{"loc":{"start":{"line":230,"column":23},"end":{"line":230,"column":null}},"type":"binary-expr","locations":[{"start":{"line":230,"column":23},"end":{"line":230,"column":41}},{"start":{"line":230,"column":41},"end":{"line":230,"column":null}}],"line":230},"12":{"loc":{"start":{"line":233,"column":2},"end":{"line":235,"column":null}},"type":"if","locations":[{"start":{"line":233,"column":2},"end":{"line":235,"column":null}},{"start":{},"end":{}}],"line":233},"13":{"loc":{"start":{"line":236,"column":2},"end":{"line":238,"column":null}},"type":"if","locations":[{"start":{"line":236,"column":2},"end":{"line":238,"column":null}},{"start":{},"end":{}}],"line":236},"14":{"loc":{"start":{"line":239,"column":2},"end":{"line":241,"column":null}},"type":"if","locations":[{"start":{"line":239,"column":2},"end":{"line":241,"column":null}},{"start":{},"end":{}}],"line":239}},"s":{"0":2,"1":475,"2":19,"3":456,"4":456,"5":1393,"6":131,"7":1262,"8":0,"9":325,"10":475,"11":475,"12":475,"13":475,"14":4750,"15":4750,"16":4750,"17":2375,"18":2375,"19":2375,"20":2375,"21":1355,"22":1020,"23":343,"24":677,"25":346,"26":475,"27":475,"28":475,"29":475,"30":125,"31":125,"32":125,"33":103,"34":22,"35":3,"36":19,"37":13,"38":6,"39":25,"40":475,"41":1365,"42":25,"43":125},"f":{"0":475,"1":475,"2":475,"3":125,"4":25,"5":475,"6":1365,"7":125},"b":{"0":[19,456],"1":[131,1262],"2":[1393,1262],"3":[0,1262],"4":[1262,950,1262,60,60,1262,0,0,1262,42,1262,0,0],"5":[2375,2375],"6":[4750,2375],"7":[1355,1020],"8":[343,677],"9":[346,331],"10":[0,475],"11":[125,5],"12":[103,22],"13":[3,19],"14":[13,6]},"meta":{"lastBranch":15,"lastFunction":8,"lastStatement":44,"seen":{"s:17:41:176:Infinity":0,"f:180:9:180:25":0,"b:181:2:181:Infinity:undefined:undefined:undefined:undefined":0,"s:181:2:181:Infinity":1,"s:181:19:181:Infinity":2,"s:182:13:182:Infinity":3,"s:183:2:193:Infinity":4,"b:184:4:184:Infinity:undefined:undefined:undefined:undefined":1,"s:184:4:184:Infinity":5,"b:184:8:184:27:184:27:184:44":2,"s:184:44:184:Infinity":6,"b:186:4:192:Infinity:undefined:undefined:undefined:undefined":3,"s:186:4:192:Infinity":7,"b:187:7:187:30:187:30:187:Infinity:188:7:188:34:188:34:188:57:188:57:188:Infinity:189:7:189:37:189:37:189:59:189:59:189:Infinity:190:7:190:29:190:29:190:Infinity:191:7:191:36:191:36:191:64:191:64:191:Infinity":4,"s:192:6:192:Infinity":8,"s:194:2:194:Infinity":9,"f:197:9:197:29":1,"s:198:15:199:Infinity":10,"s:201:16:201:Infinity":11,"s:202:17:202:Infinity":12,"s:204:2:214:Infinity":13,"s:205:21:205:Infinity":14,"s:206:22:206:Infinity":15,"b:207:4:207:Infinity:undefined:undefined:undefined:undefined":5,"s:207:4:207:Infinity":16,"b:207:8:207:35:207:35:207:55":6,"s:207:55:207:Infinity":17,"s:209:4:209:Infinity":18,"s:210:17:210:Infinity":19,"b:211:4:213:Infinity:212:9:213:Infinity":7,"s:211:4:213:Infinity":20,"s:211:20:211:Infinity":21,"b:212:9:213:Infinity:213:9:213:Infinity":8,"s:212:9:213:Infinity":22,"s:212:25:212:Infinity":23,"b:213:9:213:Infinity:undefined:undefined:undefined:undefined":9,"s:213:9:213:Infinity":24,"s:213:25:213:Infinity":25,"s:216:2:216:Infinity":26,"b:216:26:216:31:216:31:216:Infinity":10,"f:219:9:219:Infinity":2,"s:223:15:223:Infinity":27,"s:224:15:224:Infinity":28,"s:226:2:226:Infinity":29,"f:229:9:229:31":3,"s:230:23:230:Infinity":30,"b:230:23:230:41:230:41:230:Infinity":11,"s:231:19:231:Infinity":31,"b:233:2:235:Infinity:undefined:undefined:undefined:undefined":12,"s:233:2:235:Infinity":32,"s:234:4:234:Infinity":33,"b:236:2:238:Infinity:undefined:undefined:undefined:undefined":13,"s:236:2:238:Infinity":34,"s:237:4:237:Infinity":35,"b:239:2:241:Infinity:undefined:undefined:undefined:undefined":14,"s:239:2:241:Infinity":36,"s:240:4:240:Infinity":37,"s:242:2:242:Infinity":38,"f:247:16:247:39":4,"s:248:17:251:Infinity":39,"f:248:33:248:37":5,"s:248:48:251:4":40,"f:251:6:251:12":6,"s:251:21:251:48":41,"s:253:2:261:Infinity":42,"f:253:28:253:33":7,"s:253:61:261:4":43},"fnNames":{}}}
,"C:\\Users\\user\\datiam-os\\backend\\src\\modules\\commercial-intelligence\\decision-engine.ts": {"path":"C:\\Users\\user\\datiam-os\\backend\\src\\modules\\commercial-intelligence\\decision-engine.ts","statementMap":{"0":{"start":{"line":16,"column":63},"end":{"line":97,"column":null}},"1":{"start":{"line":99,"column":42},"end":{"line":107,"column":null}},"2":{"start":{"line":109,"column":47},"end":{"line":117,"column":null}},"3":{"start":{"line":124,"column":2},"end":{"line":124,"column":null}},"4":{"start":{"line":124,"column":44},"end":{"line":124,"column":null}},"5":{"start":{"line":125,"column":2},"end":{"line":125,"column":null}},"6":{"start":{"line":125,"column":26},"end":{"line":125,"column":null}},"7":{"start":{"line":126,"column":2},"end":{"line":126,"column":null}},"8":{"start":{"line":126,"column":26},"end":{"line":126,"column":null}},"9":{"start":{"line":127,"column":2},"end":{"line":127,"column":null}},"10":{"start":{"line":136,"column":18},"end":{"line":138,"column":null}},"11":{"start":{"line":137,"column":24},"end":{"line":137,"column":38}},"12":{"start":{"line":138,"column":28},"end":{"line":138,"column":45}},"13":{"start":{"line":140,"column":39},"end":{"line":140,"column":null}},"14":{"start":{"line":143,"column":2},"end":{"line":154,"column":null}},"15":{"start":{"line":144,"column":21},"end":{"line":144,"column":null}},"16":{"start":{"line":145,"column":4},"end":{"line":153,"column":null}},"17":{"start":{"line":157,"column":2},"end":{"line":159,"column":null}},"18":{"start":{"line":158,"column":4},"end":{"line":158,"column":null}},"19":{"start":{"line":162,"column":2},"end":{"line":162,"column":null}},"20":{"start":{"line":164,"column":19},"end":{"line":164,"column":null}},"21":{"start":{"line":165,"column":23},"end":{"line":165,"column":null}},"22":{"start":{"line":167,"column":23},"end":{"line":169,"column":null}},"23":{"start":{"line":171,"column":2},"end":{"line":171,"column":null}}},"fnMap":{"0":{"name":"determineStrategy","decl":{"start":{"line":123,"column":9},"end":{"line":123,"column":27}},"loc":{"start":{"line":123,"column":81},"end":{"line":128,"column":null}},"line":123},"1":{"name":"buildDecisionEngine","decl":{"start":{"line":132,"column":16},"end":{"line":132,"column":null}},"loc":{"start":{"line":135,"column":24},"end":{"line":172,"column":null}},"line":135},"2":{"name":"(anonymous_2)","decl":{"start":{"line":137,"column":5},"end":{"line":137,"column":13}},"loc":{"start":{"line":137,"column":24},"end":{"line":137,"column":38}},"line":137},"3":{"name":"(anonymous_3)","decl":{"start":{"line":138,"column":5},"end":{"line":138,"column":11}},"loc":{"start":{"line":138,"column":28},"end":{"line":138,"column":45}},"line":138},"4":{"name":"(anonymous_4)","decl":{"start":{"line":143,"column":21},"end":{"line":143,"column":30}},"loc":{"start":{"line":143,"column":49},"end":{"line":154,"column":3}},"line":143}},"branchMap":{"0":{"loc":{"start":{"line":124,"column":2},"end":{"line":124,"column":null}},"type":"if","locations":[{"start":{"line":124,"column":2},"end":{"line":124,"column":null}},{"start":{},"end":{}}],"line":124},"1":{"loc":{"start":{"line":124,"column":6},"end":{"line":124,"column":44}},"type":"binary-expr","locations":[{"start":{"line":124,"column":6},"end":{"line":124,"column":28}},{"start":{"line":124,"column":28},"end":{"line":124,"column":44}}],"line":124},"2":{"loc":{"start":{"line":125,"column":2},"end":{"line":125,"column":null}},"type":"if","locations":[{"start":{"line":125,"column":2},"end":{"line":125,"column":null}},{"start":{},"end":{}}],"line":125},"3":{"loc":{"start":{"line":126,"column":2},"end":{"line":126,"column":null}},"type":"if","locations":[{"start":{"line":126,"column":2},"end":{"line":126,"column":null}},{"start":{},"end":{}}],"line":126},"4":{"loc":{"start":{"line":149,"column":14},"end":{"line":149,"column":null}},"type":"cond-expr","locations":[{"start":{"line":149,"column":31},"end":{"line":149,"column":40}},{"start":{"line":149,"column":40},"end":{"line":149,"column":null}}],"line":149},"5":{"loc":{"start":{"line":149,"column":40},"end":{"line":149,"column":null}},"type":"cond-expr","locations":[{"start":{"line":149,"column":57},"end":{"line":149,"column":68}},{"start":{"line":149,"column":68},"end":{"line":149,"column":null}}],"line":149},"6":{"loc":{"start":{"line":157,"column":2},"end":{"line":159,"column":null}},"type":"if","locations":[{"start":{"line":157,"column":2},"end":{"line":159,"column":null}},{"start":{},"end":{}}],"line":157},"7":{"loc":{"start":{"line":164,"column":19},"end":{"line":164,"column":null}},"type":"cond-expr","locations":[{"start":{"line":164,"column":39},"end":{"line":164,"column":60}},{"start":{"line":164,"column":60},"end":{"line":164,"column":null}}],"line":164},"8":{"loc":{"start":{"line":167,"column":23},"end":{"line":169,"column":null}},"type":"cond-expr","locations":[{"start":{"line":168,"column":6},"end":{"line":168,"column":null}},{"start":{"line":169,"column":6},"end":{"line":169,"column":null}}],"line":167}},"s":{"0":2,"1":2,"2":2,"3":35,"4":2,"5":33,"6":23,"7":10,"8":10,"9":6,"10":35,"11":350,"12":405,"13":35,"14":35,"15":90,"16":90,"17":35,"18":29,"19":35,"20":35,"21":35,"22":35,"23":35},"f":{"0":35,"1":35,"2":350,"3":405,"4":90},"b":{"0":[2,33],"1":[35,4],"2":[23,10],"3":[4,6],"4":[21,69],"5":[68,1],"6":[29,6],"7":[31,4],"8":[31,4]},"meta":{"lastBranch":9,"lastFunction":5,"lastStatement":24,"seen":{"s:16:63:97:Infinity":0,"s:99:42:107:Infinity":1,"s:109:47:117:Infinity":2,"f:123:9:123:27":0,"b:124:2:124:Infinity:undefined:undefined:undefined:undefined":0,"s:124:2:124:Infinity":3,"b:124:6:124:28:124:28:124:44":1,"s:124:44:124:Infinity":4,"b:125:2:125:Infinity:undefined:undefined:undefined:undefined":2,"s:125:2:125:Infinity":5,"s:125:26:125:Infinity":6,"b:126:2:126:Infinity:undefined:undefined:undefined:undefined":3,"s:126:2:126:Infinity":7,"s:126:26:126:Infinity":8,"s:127:2:127:Infinity":9,"f:132:16:132:Infinity":1,"s:136:18:138:Infinity":10,"f:137:5:137:13":2,"s:137:24:137:38":11,"f:138:5:138:11":3,"s:138:28:138:45":12,"s:140:39:140:Infinity":13,"s:143:2:154:Infinity":14,"f:143:21:143:30":4,"s:144:21:144:Infinity":15,"s:145:4:153:Infinity":16,"b:149:31:149:40:149:40:149:Infinity":4,"b:149:57:149:68:149:68:149:Infinity":5,"b:157:2:159:Infinity:undefined:undefined:undefined:undefined":6,"s:157:2:159:Infinity":17,"s:158:4:158:Infinity":18,"s:162:2:162:Infinity":19,"s:164:19:164:Infinity":20,"b:164:39:164:60:164:60:164:Infinity":7,"s:165:23:165:Infinity":21,"s:167:23:169:Infinity":22,"b:168:6:168:Infinity:169:6:169:Infinity":8,"s:171:2:171:Infinity":23},"fnNames":{}}}
,"C:\\Users\\user\\datiam-os\\backend\\src\\modules\\commercial-intelligence\\executive-assessment.ts": {"path":"C:\\Users\\user\\datiam-os\\backend\\src\\modules\\commercial-intelligence\\executive-assessment.ts","statementMap":{"0":{"start":{"line":6,"column":2},"end":{"line":6,"column":null}},"1":{"start":{"line":6,"column":52},"end":{"line":6,"column":67}},"2":{"start":{"line":10,"column":27},"end":{"line":10,"column":null}},"3":{"start":{"line":12,"column":2},"end":{"line":12,"column":null}},"4":{"start":{"line":12,"column":22},"end":{"line":12,"column":null}},"5":{"start":{"line":13,"column":2},"end":{"line":13,"column":null}},"6":{"start":{"line":13,"column":25},"end":{"line":13,"column":null}},"7":{"start":{"line":14,"column":2},"end":{"line":14,"column":null}},"8":{"start":{"line":14,"column":27},"end":{"line":14,"column":null}},"9":{"start":{"line":15,"column":2},"end":{"line":15,"column":null}},"10":{"start":{"line":15,"column":25},"end":{"line":15,"column":null}},"11":{"start":{"line":16,"column":2},"end":{"line":16,"column":null}},"12":{"start":{"line":16,"column":22},"end":{"line":16,"column":null}},"13":{"start":{"line":17,"column":2},"end":{"line":17,"column":null}},"14":{"start":{"line":17,"column":22},"end":{"line":17,"column":null}},"15":{"start":{"line":18,"column":2},"end":{"line":18,"column":null}},"16":{"start":{"line":18,"column":21},"end":{"line":18,"column":null}},"17":{"start":{"line":19,"column":2},"end":{"line":19,"column":null}},"18":{"start":{"line":19,"column":25},"end":{"line":19,"column":null}},"19":{"start":{"line":20,"column":2},"end":{"line":20,"column":null}},"20":{"start":{"line":20,"column":27},"end":{"line":20,"column":null}},"21":{"start":{"line":21,"column":2},"end":{"line":21,"column":null}},"22":{"start":{"line":21,"column":23},"end":{"line":21,"column":null}},"23":{"start":{"line":23,"column":2},"end":{"line":23,"column":null}},"24":{"start":{"line":23,"column":27},"end":{"line":23,"column":null}},"25":{"start":{"line":24,"column":2},"end":{"line":24,"column":null}},"26":{"start":{"line":24,"column":27},"end":{"line":24,"column":null}},"27":{"start":{"line":25,"column":15},"end":{"line":25,"column":null}},"28":{"start":{"line":26,"column":2},"end":{"line":26,"column":null}},"29":{"start":{"line":30,"column":27},"end":{"line":30,"column":null}},"30":{"start":{"line":32,"column":25},"end":{"line":32,"column":null}},"31":{"start":{"line":33,"column":26},"end":{"line":33,"column":null}},"32":{"start":{"line":35,"column":2},"end":{"line":35,"column":null}},"33":{"start":{"line":35,"column":41},"end":{"line":35,"column":null}},"34":{"start":{"line":36,"column":2},"end":{"line":36,"column":null}},"35":{"start":{"line":36,"column":63},"end":{"line":36,"column":null}},"36":{"start":{"line":37,"column":2},"end":{"line":37,"column":null}},"37":{"start":{"line":37,"column":27},"end":{"line":37,"column":null}},"38":{"start":{"line":38,"column":2},"end":{"line":38,"column":null}},"39":{"start":{"line":38,"column":43},"end":{"line":38,"column":null}},"40":{"start":{"line":39,"column":2},"end":{"line":39,"column":null}},"41":{"start":{"line":39,"column":39},"end":{"line":39,"column":null}},"42":{"start":{"line":41,"column":2},"end":{"line":41,"column":null}},"43":{"start":{"line":41,"column":27},"end":{"line":41,"column":null}},"44":{"start":{"line":42,"column":2},"end":{"line":42,"column":null}},"45":{"start":{"line":42,"column":27},"end":{"line":42,"column":null}},"46":{"start":{"line":43,"column":15},"end":{"line":43,"column":null}},"47":{"start":{"line":44,"column":2},"end":{"line":44,"column":null}},"48":{"start":{"line":48,"column":34},"end":{"line":48,"column":null}},"49":{"start":{"line":51,"column":65},"end":{"line":62,"column":null}},"50":{"start":{"line":64,"column":2},"end":{"line":66,"column":null}},"51":{"start":{"line":65,"column":4},"end":{"line":65,"column":null}},"52":{"start":{"line":69,"column":16},"end":{"line":69,"column":null}},"53":{"start":{"line":70,"column":2},"end":{"line":72,"column":null}},"54":{"start":{"line":71,"column":4},"end":{"line":71,"column":null}},"55":{"start":{"line":73,"column":2},"end":{"line":75,"column":null}},"56":{"start":{"line":74,"column":4},"end":{"line":74,"column":null}},"57":{"start":{"line":76,"column":2},"end":{"line":78,"column":null}},"58":{"start":{"line":77,"column":4},"end":{"line":77,"column":null}},"59":{"start":{"line":80,"column":2},"end":{"line":80,"column":null}},"60":{"start":{"line":84,"column":18},"end":{"line":84,"column":null}},"61":{"start":{"line":85,"column":26},"end":{"line":85,"column":null}},"62":{"start":{"line":87,"column":2},"end":{"line":89,"column":null}},"63":{"start":{"line":88,"column":4},"end":{"line":88,"column":null}},"64":{"start":{"line":90,"column":2},"end":{"line":92,"column":null}},"65":{"start":{"line":91,"column":4},"end":{"line":91,"column":null}},"66":{"start":{"line":93,"column":2},"end":{"line":95,"column":null}},"67":{"start":{"line":94,"column":4},"end":{"line":94,"column":null}},"68":{"start":{"line":96,"column":2},"end":{"line":96,"column":null}},"69":{"start":{"line":100,"column":26},"end":{"line":100,"column":null}},"70":{"start":{"line":101,"column":23},"end":{"line":101,"column":null}},"71":{"start":{"line":102,"column":23},"end":{"line":102,"column":null}},"72":{"start":{"line":103,"column":16},"end":{"line":103,"column":null}},"73":{"start":{"line":104,"column":15},"end":{"line":104,"column":null}},"74":{"start":{"line":106,"column":13},"end":{"line":106,"column":null}},"75":{"start":{"line":107,"column":2},"end":{"line":107,"column":null}},"76":{"start":{"line":109,"column":2},"end":{"line":113,"column":null}},"77":{"start":{"line":110,"column":4},"end":{"line":110,"column":null}},"78":{"start":{"line":112,"column":4},"end":{"line":112,"column":null}},"79":{"start":{"line":115,"column":2},"end":{"line":115,"column":null}},"80":{"start":{"line":117,"column":2},"end":{"line":117,"column":null}},"81":{"start":{"line":119,"column":2},"end":{"line":119,"column":null}},"82":{"start":{"line":121,"column":2},"end":{"line":121,"column":null}},"83":{"start":{"line":131,"column":15},"end":{"line":131,"column":null}},"84":{"start":{"line":133,"column":19},"end":{"line":133,"column":null}},"85":{"start":{"line":134,"column":15},"end":{"line":134,"column":null}},"86":{"start":{"line":135,"column":31},"end":{"line":135,"column":null}},"87":{"start":{"line":138,"column":2},"end":{"line":146,"column":null}},"88":{"start":{"line":139,"column":4},"end":{"line":139,"column":null}},"89":{"start":{"line":140,"column":9},"end":{"line":146,"column":null}},"90":{"start":{"line":141,"column":4},"end":{"line":141,"column":null}},"91":{"start":{"line":142,"column":9},"end":{"line":146,"column":null}},"92":{"start":{"line":143,"column":4},"end":{"line":143,"column":null}},"93":{"start":{"line":145,"column":4},"end":{"line":145,"column":null}},"94":{"start":{"line":148,"column":2},"end":{"line":148,"column":null}}},"fnMap":{"0":{"name":"titleCase","decl":{"start":{"line":5,"column":9},"end":{"line":5,"column":19}},"loc":{"start":{"line":5,"column":38},"end":{"line":7,"column":null}},"line":5},"1":{"name":"(anonymous_1)","decl":{"start":{"line":6,"column":38},"end":{"line":6,"column":47}},"loc":{"start":{"line":6,"column":52},"end":{"line":6,"column":67}},"line":6},"2":{"name":"buildStrengthProfile","decl":{"start":{"line":9,"column":9},"end":{"line":9,"column":30}},"loc":{"start":{"line":9,"column":58},"end":{"line":27,"column":null}},"line":9},"3":{"name":"buildLimitationProfile","decl":{"start":{"line":29,"column":9},"end":{"line":29,"column":32}},"loc":{"start":{"line":29,"column":85},"end":{"line":45,"column":null}},"line":29},"4":{"name":"buildPrimaryOpportunities","decl":{"start":{"line":47,"column":9},"end":{"line":47,"column":35}},"loc":{"start":{"line":47,"column":90},"end":{"line":81,"column":null}},"line":47},"5":{"name":"buildHeadline","decl":{"start":{"line":83,"column":9},"end":{"line":83,"column":23}},"loc":{"start":{"line":83,"column":98},"end":{"line":97,"column":null}},"line":83},"6":{"name":"buildBody","decl":{"start":{"line":99,"column":9},"end":{"line":99,"column":19}},"loc":{"start":{"line":99,"column":94},"end":{"line":122,"column":null}},"line":99},"7":{"name":"buildExecutiveSyncAssessment","decl":{"start":{"line":126,"column":16},"end":{"line":126,"column":null}},"loc":{"start":{"line":130,"column":27},"end":{"line":149,"column":null}},"line":130}},"branchMap":{"0":{"loc":{"start":{"line":12,"column":2},"end":{"line":12,"column":null}},"type":"if","locations":[{"start":{"line":12,"column":2},"end":{"line":12,"column":null}},{"start":{},"end":{}}],"line":12},"1":{"loc":{"start":{"line":13,"column":2},"end":{"line":13,"column":null}},"type":"if","locations":[{"start":{"line":13,"column":2},"end":{"line":13,"column":null}},{"start":{},"end":{}}],"line":13},"2":{"loc":{"start":{"line":14,"column":2},"end":{"line":14,"column":null}},"type":"if","locations":[{"start":{"line":14,"column":2},"end":{"line":14,"column":null}},{"start":{},"end":{}}],"line":14},"3":{"loc":{"start":{"line":15,"column":2},"end":{"line":15,"column":null}},"type":"if","locations":[{"start":{"line":15,"column":2},"end":{"line":15,"column":null}},{"start":{},"end":{}}],"line":15},"4":{"loc":{"start":{"line":16,"column":2},"end":{"line":16,"column":null}},"type":"if","locations":[{"start":{"line":16,"column":2},"end":{"line":16,"column":null}},{"start":{},"end":{}}],"line":16},"5":{"loc":{"start":{"line":17,"column":2},"end":{"line":17,"column":null}},"type":"if","locations":[{"start":{"line":17,"column":2},"end":{"line":17,"column":null}},{"start":{},"end":{}}],"line":17},"6":{"loc":{"start":{"line":18,"column":2},"end":{"line":18,"column":null}},"type":"if","locations":[{"start":{"line":18,"column":2},"end":{"line":18,"column":null}},{"start":{},"end":{}}],"line":18},"7":{"loc":{"start":{"line":19,"column":2},"end":{"line":19,"column":null}},"type":"if","locations":[{"start":{"line":19,"column":2},"end":{"line":19,"column":null}},{"start":{},"end":{}}],"line":19},"8":{"loc":{"start":{"line":20,"column":2},"end":{"line":20,"column":null}},"type":"if","locations":[{"start":{"line":20,"column":2},"end":{"line":20,"column":null}},{"start":{},"end":{}}],"line":20},"9":{"loc":{"start":{"line":21,"column":2},"end":{"line":21,"column":null}},"type":"if","locations":[{"start":{"line":21,"column":2},"end":{"line":21,"column":null}},{"start":{},"end":{}}],"line":21},"10":{"loc":{"start":{"line":23,"column":2},"end":{"line":23,"column":null}},"type":"if","locations":[{"start":{"line":23,"column":2},"end":{"line":23,"column":null}},{"start":{},"end":{}}],"line":23},"11":{"loc":{"start":{"line":24,"column":2},"end":{"line":24,"column":null}},"type":"if","locations":[{"start":{"line":24,"column":2},"end":{"line":24,"column":null}},{"start":{},"end":{}}],"line":24},"12":{"loc":{"start":{"line":35,"column":2},"end":{"line":35,"column":null}},"type":"if","locations":[{"start":{"line":35,"column":2},"end":{"line":35,"column":null}},{"start":{},"end":{}}],"line":35},"13":{"loc":{"start":{"line":35,"column":6},"end":{"line":35,"column":41}},"type":"binary-expr","locations":[{"start":{"line":35,"column":6},"end":{"line":35,"column":25}},{"start":{"line":35,"column":25},"end":{"line":35,"column":41}}],"line":35},"14":{"loc":{"start":{"line":36,"column":2},"end":{"line":36,"column":null}},"type":"if","locations":[{"start":{"line":36,"column":2},"end":{"line":36,"column":null}},{"start":{},"end":{}}],"line":36},"15":{"loc":{"start":{"line":36,"column":6},"end":{"line":36,"column":63}},"type":"binary-expr","locations":[{"start":{"line":36,"column":6},"end":{"line":36,"column":26}},{"start":{"line":36,"column":26},"end":{"line":36,"column":47}},{"start":{"line":36,"column":47},"end":{"line":36,"column":63}}],"line":36},"16":{"loc":{"start":{"line":37,"column":2},"end":{"line":37,"column":null}},"type":"if","locations":[{"start":{"line":37,"column":2},"end":{"line":37,"column":null}},{"start":{},"end":{}}],"line":37},"17":{"loc":{"start":{"line":38,"column":2},"end":{"line":38,"column":null}},"type":"if","locations":[{"start":{"line":38,"column":2},"end":{"line":38,"column":null}},{"start":{},"end":{}}],"line":38},"18":{"loc":{"start":{"line":38,"column":6},"end":{"line":38,"column":43}},"type":"binary-expr","locations":[{"start":{"line":38,"column":6},"end":{"line":38,"column":27}},{"start":{"line":38,"column":27},"end":{"line":38,"column":43}}],"line":38},"19":{"loc":{"start":{"line":39,"column":2},"end":{"line":39,"column":null}},"type":"if","locations":[{"start":{"line":39,"column":2},"end":{"line":39,"column":null}},{"start":{},"end":{}}],"line":39},"20":{"loc":{"start":{"line":39,"column":6},"end":{"line":39,"column":39}},"type":"binary-expr","locations":[{"start":{"line":39,"column":6},"end":{"line":39,"column":23}},{"start":{"line":39,"column":23},"end":{"line":39,"column":39}}],"line":39},"21":{"loc":{"start":{"line":41,"column":2},"end":{"line":41,"column":null}},"type":"if","locations":[{"start":{"line":41,"column":2},"end":{"line":41,"column":null}},{"start":{},"end":{}}],"line":41},"22":{"loc":{"start":{"line":42,"column":2},"end":{"line":42,"column":null}},"type":"if","locations":[{"start":{"line":42,"column":2},"end":{"line":42,"column":null}},{"start":{},"end":{}}],"line":42},"23":{"loc":{"start":{"line":69,"column":16},"end":{"line":69,"column":null}},"type":"binary-expr","locations":[{"start":{"line":69,"column":16},"end":{"line":69,"column":49}},{"start":{"line":69,"column":49},"end":{"line":69,"column":null}}],"line":69},"24":{"loc":{"start":{"line":70,"column":2},"end":{"line":72,"column":null}},"type":"if","locations":[{"start":{"line":70,"column":2},"end":{"line":72,"column":null}},{"start":{},"end":{}}],"line":70},"25":{"loc":{"start":{"line":70,"column":6},"end":{"line":70,"column":64}},"type":"binary-expr","locations":[{"start":{"line":70,"column":6},"end":{"line":70,"column":37}},{"start":{"line":70,"column":37},"end":{"line":70,"column":64}}],"line":70},"26":{"loc":{"start":{"line":73,"column":2},"end":{"line":75,"column":null}},"type":"if","locations":[{"start":{"line":73,"column":2},"end":{"line":75,"column":null}},{"start":{},"end":{}}],"line":73},"27":{"loc":{"start":{"line":73,"column":6},"end":{"line":73,"column":59}},"type":"binary-expr","locations":[{"start":{"line":73,"column":6},"end":{"line":73,"column":35}},{"start":{"line":73,"column":35},"end":{"line":73,"column":59}}],"line":73},"28":{"loc":{"start":{"line":76,"column":2},"end":{"line":78,"column":null}},"type":"if","locations":[{"start":{"line":76,"column":2},"end":{"line":78,"column":null}},{"start":{},"end":{}}],"line":76},"29":{"loc":{"start":{"line":76,"column":6},"end":{"line":76,"column":61}},"type":"binary-expr","locations":[{"start":{"line":76,"column":6},"end":{"line":76,"column":38}},{"start":{"line":76,"column":38},"end":{"line":76,"column":61}}],"line":76},"30":{"loc":{"start":{"line":87,"column":2},"end":{"line":89,"column":null}},"type":"if","locations":[{"start":{"line":87,"column":2},"end":{"line":89,"column":null}},{"start":{},"end":{}}],"line":87},"31":{"loc":{"start":{"line":90,"column":2},"end":{"line":92,"column":null}},"type":"if","locations":[{"start":{"line":90,"column":2},"end":{"line":92,"column":null}},{"start":{},"end":{}}],"line":90},"32":{"loc":{"start":{"line":93,"column":2},"end":{"line":95,"column":null}},"type":"if","locations":[{"start":{"line":93,"column":2},"end":{"line":95,"column":null}},{"start":{},"end":{}}],"line":93},"33":{"loc":{"start":{"line":103,"column":16},"end":{"line":103,"column":null}},"type":"binary-expr","locations":[{"start":{"line":103,"column":16},"end":{"line":103,"column":34}},{"start":{"line":103,"column":34},"end":{"line":103,"column":null}}],"line":103},"34":{"loc":{"start":{"line":104,"column":15},"end":{"line":104,"column":null}},"type":"binary-expr","locations":[{"start":{"line":104,"column":15},"end":{"line":104,"column":47}},{"start":{"line":104,"column":47},"end":{"line":104,"column":null}}],"line":104},"35":{"loc":{"start":{"line":106,"column":40},"end":{"line":106,"column":119}},"type":"cond-expr","locations":[{"start":{"line":106,"column":61},"end":{"line":106,"column":72}},{"start":{"line":106,"column":72},"end":{"line":106,"column":119}}],"line":106},"36":{"loc":{"start":{"line":106,"column":72},"end":{"line":106,"column":119}},"type":"cond-expr","locations":[{"start":{"line":106,"column":93},"end":{"line":106,"column":106}},{"start":{"line":106,"column":106},"end":{"line":106,"column":119}}],"line":106},"37":{"loc":{"start":{"line":109,"column":2},"end":{"line":113,"column":null}},"type":"if","locations":[{"start":{"line":109,"column":2},"end":{"line":113,"column":null}},{"start":{"line":111,"column":9},"end":{"line":113,"column":null}}],"line":109},"38":{"loc":{"start":{"line":117,"column":87},"end":{"line":117,"column":140}},"type":"cond-expr","locations":[{"start":{"line":117,"column":108},"end":{"line":117,"column":124}},{"start":{"line":117,"column":124},"end":{"line":117,"column":140}}],"line":117},"39":{"loc":{"start":{"line":131,"column":15},"end":{"line":131,"column":null}},"type":"cond-expr","locations":[{"start":{"line":131,"column":42},"end":{"line":131,"column":59}},{"start":{"line":131,"column":59},"end":{"line":131,"column":null}}],"line":131},"40":{"loc":{"start":{"line":138,"column":2},"end":{"line":146,"column":null}},"type":"if","locations":[{"start":{"line":138,"column":2},"end":{"line":146,"column":null}},{"start":{"line":140,"column":9},"end":{"line":146,"column":null}}],"line":138},"41":{"loc":{"start":{"line":140,"column":9},"end":{"line":146,"column":null}},"type":"if","locations":[{"start":{"line":140,"column":9},"end":{"line":146,"column":null}},{"start":{"line":142,"column":9},"end":{"line":146,"column":null}}],"line":140},"42":{"loc":{"start":{"line":141,"column":90},"end":{"line":141,"column":154}},"type":"cond-expr","locations":[{"start":{"line":141,"column":100},"end":{"line":141,"column":132}},{"start":{"line":141,"column":132},"end":{"line":141,"column":154}}],"line":141},"43":{"loc":{"start":{"line":142,"column":9},"end":{"line":146,"column":null}},"type":"if","locations":[{"start":{"line":142,"column":9},"end":{"line":146,"column":null}},{"start":{"line":144,"column":9},"end":{"line":146,"column":null}}],"line":142}},"s":{"0":0,"1":0,"2":74,"3":74,"4":68,"5":74,"6":68,"7":74,"8":68,"9":74,"10":0,"11":74,"12":0,"13":74,"14":0,"15":74,"16":68,"17":74,"18":0,"19":74,"20":4,"21":74,"22":0,"23":74,"24":2,"25":72,"26":4,"27":68,"28":68,"29":37,"30":37,"31":37,"32":37,"33":11,"34":37,"35":0,"36":37,"37":2,"38":37,"39":2,"40":37,"41":0,"42":37,"43":26,"44":11,"45":11,"46":2,"47":2,"48":37,"49":37,"50":37,"51":62,"52":37,"53":37,"54":32,"55":37,"56":1,"57":37,"58":1,"59":37,"60":37,"61":37,"62":37,"63":2,"64":35,"65":15,"66":20,"67":15,"68":5,"69":37,"70":37,"71":37,"72":37,"73":37,"74":37,"75":37,"76":37,"77":13,"78":24,"79":37,"80":37,"81":37,"82":37,"83":37,"84":37,"85":37,"86":37,"87":37,"88":2,"89":35,"90":15,"91":20,"92":17,"93":3,"94":37},"f":{"0":0,"1":0,"2":74,"3":37,"4":37,"5":37,"6":37,"7":37},"b":{"0":[68,6],"1":[68,6],"2":[68,6],"3":[0,74],"4":[0,74],"5":[0,74],"6":[68,6],"7":[0,74],"8":[4,70],"9":[0,74],"10":[2,72],"11":[4,68],"12":[11,26],"13":[37,12],"14":[0,37],"15":[37,34,31],"16":[2,35],"17":[2,35],"18":[37,2],"19":[0,37],"20":[37,0],"21":[26,11],"22":[9,2],"23":[37,1],"24":[32,5],"25":[37,5],"26":[1,36],"27":[37,36],"28":[1,36],"29":[37,36],"30":[2,35],"31":[15,20],"32":[15,5],"33":[37,1],"34":[37,1],"35":[10,27],"36":[22,5],"37":[13,24],"38":[10,27],"39":[36,1],"40":[2,35],"41":[15,20],"42":[3,12],"43":[17,3]},"meta":{"lastBranch":44,"lastFunction":8,"lastStatement":95,"seen":{"f:5:9:5:19":0,"s:6:2:6:Infinity":0,"f:6:38:6:47":1,"s:6:52:6:67":1,"f:9:9:9:30":2,"s:10:27:10:Infinity":2,"b:12:2:12:Infinity:undefined:undefined:undefined:undefined":0,"s:12:2:12:Infinity":3,"s:12:22:12:Infinity":4,"b:13:2:13:Infinity:undefined:undefined:undefined:undefined":1,"s:13:2:13:Infinity":5,"s:13:25:13:Infinity":6,"b:14:2:14:Infinity:undefined:undefined:undefined:undefined":2,"s:14:2:14:Infinity":7,"s:14:27:14:Infinity":8,"b:15:2:15:Infinity:undefined:undefined:undefined:undefined":3,"s:15:2:15:Infinity":9,"s:15:25:15:Infinity":10,"b:16:2:16:Infinity:undefined:undefined:undefined:undefined":4,"s:16:2:16:Infinity":11,"s:16:22:16:Infinity":12,"b:17:2:17:Infinity:undefined:undefined:undefined:undefined":5,"s:17:2:17:Infinity":13,"s:17:22:17:Infinity":14,"b:18:2:18:Infinity:undefined:undefined:undefined:undefined":6,"s:18:2:18:Infinity":15,"s:18:21:18:Infinity":16,"b:19:2:19:Infinity:undefined:undefined:undefined:undefined":7,"s:19:2:19:Infinity":17,"s:19:25:19:Infinity":18,"b:20:2:20:Infinity:undefined:undefined:undefined:undefined":8,"s:20:2:20:Infinity":19,"s:20:27:20:Infinity":20,"b:21:2:21:Infinity:undefined:undefined:undefined:undefined":9,"s:21:2:21:Infinity":21,"s:21:23:21:Infinity":22,"b:23:2:23:Infinity:undefined:undefined:undefined:undefined":10,"s:23:2:23:Infinity":23,"s:23:27:23:Infinity":24,"b:24:2:24:Infinity:undefined:undefined:undefined:undefined":11,"s:24:2:24:Infinity":25,"s:24:27:24:Infinity":26,"s:25:15:25:Infinity":27,"s:26:2:26:Infinity":28,"f:29:9:29:32":3,"s:30:27:30:Infinity":29,"s:32:25:32:Infinity":30,"s:33:26:33:Infinity":31,"b:35:2:35:Infinity:undefined:undefined:undefined:undefined":12,"s:35:2:35:Infinity":32,"b:35:6:35:25:35:25:35:41":13,"s:35:41:35:Infinity":33,"b:36:2:36:Infinity:undefined:undefined:undefined:undefined":14,"s:36:2:36:Infinity":34,"b:36:6:36:26:36:26:36:47:36:47:36:63":15,"s:36:63:36:Infinity":35,"b:37:2:37:Infinity:undefined:undefined:undefined:undefined":16,"s:37:2:37:Infinity":36,"s:37:27:37:Infinity":37,"b:38:2:38:Infinity:undefined:undefined:undefined:undefined":17,"s:38:2:38:Infinity":38,"b:38:6:38:27:38:27:38:43":18,"s:38:43:38:Infinity":39,"b:39:2:39:Infinity:undefined:undefined:undefined:undefined":19,"s:39:2:39:Infinity":40,"b:39:6:39:23:39:23:39:39":20,"s:39:39:39:Infinity":41,"b:41:2:41:Infinity:undefined:undefined:undefined:undefined":21,"s:41:2:41:Infinity":42,"s:41:27:41:Infinity":43,"b:42:2:42:Infinity:undefined:undefined:undefined:undefined":22,"s:42:2:42:Infinity":44,"s:42:27:42:Infinity":45,"s:43:15:43:Infinity":46,"s:44:2:44:Infinity":47,"f:47:9:47:35":4,"s:48:34:48:Infinity":48,"s:51:65:62:Infinity":49,"s:64:2:66:Infinity":50,"s:65:4:65:Infinity":51,"s:69:16:69:Infinity":52,"b:69:16:69:49:69:49:69:Infinity":23,"b:70:2:72:Infinity:undefined:undefined:undefined:undefined":24,"s:70:2:72:Infinity":53,"b:70:6:70:37:70:37:70:64":25,"s:71:4:71:Infinity":54,"b:73:2:75:Infinity:undefined:undefined:undefined:undefined":26,"s:73:2:75:Infinity":55,"b:73:6:73:35:73:35:73:59":27,"s:74:4:74:Infinity":56,"b:76:2:78:Infinity:undefined:undefined:undefined:undefined":28,"s:76:2:78:Infinity":57,"b:76:6:76:38:76:38:76:61":29,"s:77:4:77:Infinity":58,"s:80:2:80:Infinity":59,"f:83:9:83:23":5,"s:84:18:84:Infinity":60,"s:85:26:85:Infinity":61,"b:87:2:89:Infinity:undefined:undefined:undefined:undefined":30,"s:87:2:89:Infinity":62,"s:88:4:88:Infinity":63,"b:90:2:92:Infinity:undefined:undefined:undefined:undefined":31,"s:90:2:92:Infinity":64,"s:91:4:91:Infinity":65,"b:93:2:95:Infinity:undefined:undefined:undefined:undefined":32,"s:93:2:95:Infinity":66,"s:94:4:94:Infinity":67,"s:96:2:96:Infinity":68,"f:99:9:99:19":6,"s:100:26:100:Infinity":69,"s:101:23:101:Infinity":70,"s:102:23:102:Infinity":71,"s:103:16:103:Infinity":72,"b:103:16:103:34:103:34:103:Infinity":33,"s:104:15:104:Infinity":73,"b:104:15:104:47:104:47:104:Infinity":34,"s:106:13:106:Infinity":74,"b:106:61:106:72:106:72:106:119":35,"b:106:93:106:106:106:106:106:119":36,"s:107:2:107:Infinity":75,"b:109:2:113:Infinity:111:9:113:Infinity":37,"s:109:2:113:Infinity":76,"s:110:4:110:Infinity":77,"s:112:4:112:Infinity":78,"s:115:2:115:Infinity":79,"s:117:2:117:Infinity":80,"b:117:108:117:124:117:124:117:140":38,"s:119:2:119:Infinity":81,"s:121:2:121:Infinity":82,"f:126:16:126:Infinity":7,"s:131:15:131:Infinity":83,"b:131:42:131:59:131:59:131:Infinity":39,"s:133:19:133:Infinity":84,"s:134:15:134:Infinity":85,"s:135:31:135:Infinity":86,"b:138:2:146:Infinity:140:9:146:Infinity":40,"s:138:2:146:Infinity":87,"s:139:4:139:Infinity":88,"b:140:9:146:Infinity:142:9:146:Infinity":41,"s:140:9:146:Infinity":89,"s:141:4:141:Infinity":90,"b:141:100:141:132:141:132:141:154":42,"b:142:9:146:Infinity:144:9:146:Infinity":43,"s:142:9:146:Infinity":91,"s:143:4:143:Infinity":92,"s:145:4:145:Infinity":93,"s:148:2:148:Infinity":94},"fnNames":{}}}
,"C:\\Users\\user\\datiam-os\\backend\\src\\modules\\commercial-intelligence\\market-alignment.ts": {"path":"C:\\Users\\user\\datiam-os\\backend\\src\\modules\\commercial-intelligence\\market-alignment.ts","statementMap":{"0":{"start":{"line":14,"column":61},"end":{"line":75,"column":null}},"1":{"start":{"line":80,"column":56},"end":{"line":86,"column":null}},"2":{"start":{"line":88,"column":15},"end":{"line":88,"column":null}},"3":{"start":{"line":89,"column":2},"end":{"line":89,"column":null}},"4":{"start":{"line":97,"column":2},"end":{"line":111,"column":null}},"5":{"start":{"line":98,"column":20},"end":{"line":98,"column":null}},"6":{"start":{"line":99,"column":26},"end":{"line":99,"column":null}},"7":{"start":{"line":100,"column":27},"end":{"line":100,"column":null}},"8":{"start":{"line":102,"column":4},"end":{"line":110,"column":null}},"9":{"start":{"line":111,"column":20},"end":{"line":111,"column":55}}},"fnMap":{"0":{"name":"computeAlignmentScore","decl":{"start":{"line":79,"column":9},"end":{"line":79,"column":31}},"loc":{"start":{"line":79,"column":83},"end":{"line":90,"column":null}},"line":79},"1":{"name":"buildMarketAlignment","decl":{"start":{"line":94,"column":16},"end":{"line":94,"column":null}},"loc":{"start":{"line":96,"column":21},"end":{"line":112,"column":null}},"line":96},"2":{"name":"(anonymous_2)","decl":{"start":{"line":97,"column":58},"end":{"line":97,"column":62}},"loc":{"start":{"line":97,"column":69},"end":{"line":111,"column":3}},"line":97},"3":{"name":"(anonymous_3)","decl":{"start":{"line":111,"column":5},"end":{"line":111,"column":11}},"loc":{"start":{"line":111,"column":20},"end":{"line":111,"column":55}},"line":111}},"branchMap":{},"s":{"0":2,"1":240,"2":240,"3":240,"4":24,"5":240,"6":240,"7":240,"8":240,"9":502},"f":{"0":240,"1":24,"2":240,"3":502},"b":{},"meta":{"lastBranch":0,"lastFunction":4,"lastStatement":10,"seen":{"s:14:61:75:Infinity":0,"f:79:9:79:31":0,"s:80:56:86:Infinity":1,"s:88:15:88:Infinity":2,"s:89:2:89:Infinity":3,"f:94:16:94:Infinity":1,"s:97:2:111:Infinity":4,"f:97:58:97:62":2,"s:98:20:98:Infinity":5,"s:99:26:99:Infinity":6,"s:100:27:100:Infinity":7,"s:102:4:110:Infinity":8,"f:111:5:111:11":3,"s:111:20:111:55":9},"fnNames":{}}}
,"C:\\Users\\user\\datiam-os\\backend\\src\\modules\\commercial-intelligence\\revenue-forecast.ts": {"path":"C:\\Users\\user\\datiam-os\\backend\\src\\modules\\commercial-intelligence\\revenue-forecast.ts","statementMap":{"0":{"start":{"line":16,"column":67},"end":{"line":97,"column":null}},"1":{"start":{"line":102,"column":2},"end":{"line":102,"column":null}},"2":{"start":{"line":102,"column":19},"end":{"line":102,"column":null}},"3":{"start":{"line":103,"column":2},"end":{"line":103,"column":null}},"4":{"start":{"line":103,"column":19},"end":{"line":103,"column":null}},"5":{"start":{"line":104,"column":2},"end":{"line":104,"column":null}},"6":{"start":{"line":104,"column":19},"end":{"line":104,"column":null}},"7":{"start":{"line":105,"column":2},"end":{"line":105,"column":null}},"8":{"start":{"line":109,"column":2},"end":{"line":109,"column":null}},"9":{"start":{"line":109,"column":19},"end":{"line":109,"column":null}},"10":{"start":{"line":110,"column":2},"end":{"line":110,"column":null}},"11":{"start":{"line":110,"column":19},"end":{"line":110,"column":null}},"12":{"start":{"line":111,"column":2},"end":{"line":111,"column":null}},"13":{"start":{"line":111,"column":19},"end":{"line":111,"column":null}},"14":{"start":{"line":112,"column":2},"end":{"line":112,"column":null}},"15":{"start":{"line":116,"column":17},"end":{"line":116,"column":null}},"16":{"start":{"line":117,"column":2},"end":{"line":120,"column":null}},"17":{"start":{"line":124,"column":2},"end":{"line":124,"column":null}},"18":{"start":{"line":124,"column":26},"end":{"line":124,"column":null}},"19":{"start":{"line":125,"column":2},"end":{"line":125,"column":null}},"20":{"start":{"line":125,"column":22},"end":{"line":125,"column":null}},"21":{"start":{"line":126,"column":2},"end":{"line":126,"column":null}},"22":{"start":{"line":134,"column":2},"end":{"line":165,"column":null}},"23":{"start":{"line":136,"column":20},"end":{"line":136,"column":null}},"24":{"start":{"line":137,"column":20},"end":{"line":137,"column":null}},"25":{"start":{"line":138,"column":35},"end":{"line":138,"column":null}},"26":{"start":{"line":139,"column":18},"end":{"line":139,"column":null}},"27":{"start":{"line":140,"column":23},"end":{"line":140,"column":null}},
[...]
24,"138":60,"139":60,"140":60,"141":60,"142":60,"143":60,"144":16,"145":44,"146":8,"147":60,"148":18,"149":42,"150":8,"151":60,"152":18,"153":60,"154":36,"155":60,"156":50,"157":60,"158":2,"159":60,"160":34,"161":60,"162":1,"163":60,"164":1,"165":59,"166":60,"167":49,"168":60,"169":60,"170":60,"171":60,"172":60,"173":60,"174":36,"175":24,"176":8,"177":60,"178":36,"179":24,"180":24,"181":60,"182":34,"183":60,"184":52,"185":60,"186":42,"187":18,"188":16,"189":60,"190":35,"191":25,"192":60,"193":36,"194":60,"195":60,"196":60,"197":60,"198":60,"199":60,"200":34,"201":26,"202":0,"203":60,"204":34,"205":26,"206":24,"207":60,"208":58,"209":60,"210":8,"211":52,"212":19,"213":60,"214":24,"215":36,"216":36,"217":60,"218":8,"219":52,"220":16,"221":60,"222":27,"223":33,"224":60,"225":9,"226":60,"227":60,"228":60,"229":60,"230":60,"231":60,"232":36,"233":24,"234":8,"235":60,"236":42,"237":60,"238":34,"239":60,"240":52,"241":60,"242":36,"243":60,"244":33,"245":60,"246":16,"247":60,"248":18,"249":60,"250":32,"251":28,"252":60,"253":45,"254":60,"255":60,"256":60,"257":60,"258":60,"259":60,"260":36,"261":24,"262":24,"263":60,"264":36,"265":24,"266":8,"267":60,"268":50,"269":60,"270":34,"271":60,"272":33,"273":60,"274":16,"275":60,"276":18,"277":60,"278":34,"279":26,"280":60,"281":36,"282":60,"283":60,"284":60,"285":60,"286":60,"287":60,"288":36,"289":24,"290":24,"291":60,"292":36,"293":24,"294":8,"295":60,"296":50,"297":60,"298":19,"299":60,"300":49,"301":11,"302":8,"303":60,"304":2,"305":60,"306":2,"307":60,"308":31,"309":29,"310":60,"311":36,"312":60,"313":2,"314":60,"315":600,"316":600,"317":600},"f":{"0":1020,"1":5102,"2":600,"3":2596,"4":600,"5":60,"6":60,"7":60,"8":60,"9":60,"10":60,"11":60,"12":60,"13":60,"14":60,"15":60,"16":600},"b":{"0":[86,934],"1":[0,600],"2":[2,598],"3":[552,46],"4":[32,14],"5":[2,12],"6":[60,45],"7":[60,14],"8":[15,45],"9":[8,37],"10":[50,10],"11":[8,2],"12":[18,42],"13":[8,34],"14":[47,13],"15":[13,2],"16":[16,44],"17":[9,35],"18":[18,42],"19":[15,45],"20":[15,45],"21":[60,44],"22":[2,58],"23":[2,56],"24":[1,59],"25":[24,35],"26":[34,26],"27":[58,2],"28":[18,42],"29":[33,27],"30":[18,42],"31":[32,28],"32":[16,44],"33":[0,60],"34":[60,33],"35":[42,18],"36":[2,16],"37":[42,18],"38":[8,52],"39":[19,33],"40":[26,34],"41":[24,36],"42":[36,0],"43":[27,33],"44":[9,51],"45":[60,29],"46":[60,14],"47":[32,28],"48":[24,4],"49":[17,43],"50":[8,35],"51":[50,10],"52":[8,2],"53":[36,24],"54":[49,11],"55":[11,2],"56":[16,44],"57":[16,44],"58":[31,29],"59":[36,24],"60":[60,59],"61":[16,44],"62":[8,36],"63":[18,42],"64":[8,34],"65":[18,42],"66":[36,24],"67":[50,10],"68":[2,58],"69":[34,26],"70":[1,59],"71":[1,59],"72":[49,11],"73":[60,59],"74":[36,24],"75":[8,16],"76":[36,24],"77":[24,0],"78":[34,26],"79":[52,8],"80":[42,18],"81":[16,2],"82":[35,25],"83":[36,24],"84":[60,34],"85":[34,26],"86":[0,26],"87":[34,26],"88":[24,2],"89":[58,2],"90":[8,52],"91":[19,33],"92":[24,36],"93":[36,0],"94":[8,52],"95":[16,36],"96":[27,33],"97":[9,51],"98":[60,28],"99":[36,24],"100":[8,16],"101":[42,18],"102":[34,26],"103":[52,8],"104":[36,24],"105":[33,27],"106":[16,44],"107":[18,42],"108":[32,28],"109":[45,15],"110":[60,60],"111":[36,24],"112":[24,0],"113":[36,24],"114":[8,16],"115":[50,10],"116":[34,26],"117":[33,27],"118":[16,44],"119":[18,42],"120":[34,26],"121":[36,24],"122":[60,29],"123":[36,24],"124":[24,0],"125":[36,24],"126":[8,16],"127":[50,10],"128":[19,41],"129":[49,11],"130":[8,3],"131":[2,58],"132":[2,58],"133":[31,29],"134":[36,24]},"meta":{"lastBranch":135,"lastFunction":17,"lastStatement":318,"seen":{"f:5:9:5:20":0,"b:6:2:6:Infinity:undefined:undefined:undefined:undefined":0,"s:6:2:6:Infinity":0,"s:6:14:6:Infinity":1,"s:7:2:7:Infinity":2,"f:7:17:7:22":1,"s:7:27:7:72":3,"f:10:9:10:19":2,"b:11:2:11:Infinity:undefined:undefined:undefined:undefined":1,"s:11:2:11:Infinity":4,"s:11:13:11:Infinity":5,"s:12:2:12:Infinity":6,"f:12:17:12:22":3,"s:12:27:12:71":7,"f:15:9:15:25":4,"b:16:2:16:Infinity:undefined:undefined:undefined:undefined":2,"s:16:2:16:Infinity":8,"s:16:24:16:Infinity":9,"b:17:2:17:Infinity:undefined:undefined:undefined:undefined":3,"s:17:2:17:Infinity":10,"s:17:24:17:Infinity":11,"b:18:2:18:Infinity:undefined:undefined:undefined:undefined":4,"s:18:2:18:Infinity":12,"s:18:24:18:Infinity":13,"b:19:2:19:Infinity:undefined:undefined:undefined:undefined":5,"s:19:2:19:Infinity":14,"s:19:24:19:Infinity":15,"s:20:2:20:Infinity":16,"f:25:9:25:28":5,"s:26:23:27:Infinity":17,"b:26:23:26:Infinity:27:7:27:Infinity":6,"s:28:22:28:Infinity":18,"s:29:20:29:Infinity":19,"b:29:20:29:48:29:48:29:Infinity":7,"s:31:34:31:Infinity":20,"s:32:34:32:Infinity":21,"b:34:2:35:Infinity:35:7:35:Infinity":8,"s:34:2:35:Infinity":22,"s:34:22:34:Infinity":23,"b:35:7:35:Infinity:undefined:undefined:undefined:undefined":9,"s:35:7:35:Infinity":24,"s:35:27:35:Infinity":25,"b:37:2:38:Infinity:38:7:38:Infinity":10,"s:37:2:38:Infinity":26,"s:37:22:37:Infinity":27,"b:38:7:38:Infinity:undefined:undefined:undefined:undefined":11,"s:38:7:38:Infinity":28,"s:38:27:38:Infinity":29,"b:40:2:41:Infinity:41:7:41:Infinity":12,"s:40:2:41:Infinity":30,"s:40:25:40:Infinity":31,"b:41:7:41:Infinity:undefined:undefined:undefined:undefined":13,"s:41:7:41:Infinity":32,"s:41:30:41:Infinity":33,"b:43:2:44:Infinity:44:7:44:Infinity":14,"s:43:2:44:Infinity":34,"s:43:17:43:Infinity":35,"s:44:7:44:Infinity":36,"b:44:75:44:90:44:90:44:100":15,"b:46:2:47:Infinity:47:7:47:Infinity":16,"s:46:2:47:Infinity":37,"s:46:27:46:Infinity":38,"b:47:7:47:Infinity:undefined:undefined:undefined:undefined":17,"s:47:7:47:Infinity":39,"s:47:32:47:Infinity":40,"b:49:2:49:Infinity:undefined:undefined:undefined:undefined":18,"s:49:2:49:Infinity":41,"s:49:23:49:Infinity":42,"b:51:2:52:Infinity:52:7:52:Infinity":19,"s:51:2:52:Infinity":43,"s:51:20:51:Infinity":44,"s:52:7:52:Infinity":45,"b:54:2:55:Infinity:55:7:55:Infinity":20,"s:54:2:55:Infinity":46,"s:54:19:54:Infinity":47,"s:55:7:55:Infinity":48,"s:57:2:57:Infinity":49,"f:60:9:60:29":6,"s:61:23:62:Infinity":50,"b:61:23:61:Infinity:62:7:62:Infinity":21,"s:63:22:63:Infinity":51,"s:65:34:65:Infinity":52,"s:66:34:66:Infinity":53,"b:68:2:69:Infinity:69:7:69:Infinity":22,"s:68:2:69:Infinity":54,"s:68:25:68:Infinity":55,"b:69:7:69:Infinity:undefined:undefined:undefined:undefined":23,"s:69:7:69:Infinity":56,"s:69:30:69:Infinity":57,"b:71:2:72:Infinity:72:7:72:Infinity":24,"s:71:2:72:Infinity":58,"s:71:22:71:Infinity":59,"b:72:7:72:Infinity:undefined:undefined:undefined:undefined":25,"s:72:7:72:Infinity":60,"s:72:27:72:Infinity":61,"b:74:2:74:Infinity:undefined:undefined:undefined:undefined":26,"s:74:2:74:Infinity":62,"s:74:21:74:Infinity":63,"b:76:2:76:Infinity:undefined:undefined:undefined:undefined":27,"s:76:2:76:Infinity":64,"s:76:27:76:Infinity":65,"b:78:2:78:Infinity:undefined:undefined:undefined:undefined":28,"s:78:2:78:Infinity":66,"s:78:22:78:Infinity":67,"b:80:2:80:Infinity:undefined:undefined:undefined:undefined":29,"s:80:2:80:Infinity":68,"s:80:24:80:Infinity":69,"b:82:2:82:Infinity:undefined:undefined:undefined:undefined":30,"s:82:2:82:Infinity":70,"s:82:25:82:Infinity":71,"b:84:2:84:Infinity:undefined:undefined:undefined:undefined":31,"s:84:2:84:Infinity":72,"s:84:27:84:Infinity":73,"b:86:2:87:Infinity:87:7:87:Infinity":32,"s:86:2:87:Infinity":74,"s:86:20:86:Infinity":75,"s:87:7:87:Infinity":76,"b:89:2:89:Infinity:undefined:undefined:undefined:undefined":33,"s:89:2:89:Infinity":77,"s:89:19:89:Infinity":78,"s:91:2:91:Infinity":79,"f:94:9:94:28":7,"s:95:23:96:Infinity":80,"b:95:23:95:Infinity:96:7:96:Infinity":34,"s:97:22:97:Infinity":81,"s:99:34:99:Infinity":82,"s:100:34:100:Infinity":83,"b:102:2:103:Infinity:103:7:103:Infinity":35,"s:102:2:103:Infinity":84,"s:102:27:102:Infinity":85,"b:103:7:103:Infinity:undefined:undefined:undefined:undefined":36,"s:103:7:103:Infinity":86,"s:103:32:103:Infinity":87,"b:105:2:105:Infinity:undefined:undefined:undefined:undefined":37,"s:105:2:105:Infinity":88,"s:105:21:105:Infinity":89,"b:107:2:108:Infinity:108:7:108:Infinity":38,"s:107:2:108:Infinity":90,"s:107:25:107:Infinity":91,"b:108:7:108:Infinity:undefined:undefined:undefined:undefined":39,"s:108:7:108:Infinity":92,"s:108:30:108:Infinity":93,"b:110:2:110:Infinity:undefined:undefined:undefined:undefined":40,"s:110:2:110:Infinity":94,"s:110:25:110:Infinity":95,"b:112:2:113:Infinity:113:7:113:Infinity":41,"s:112:2:113:Infinity":96,"s:112:27:112:Infinity":97,"b:113:7:113:Infinity:undefined:undefined:undefined:undefined":42,"s:113:7:113:Infinity":98,"s:113:32:113:Infinity":99,"b:115:2:116:Infinity:116:7:116:Infinity":43,"s:115:2:116:Infinity":100,"s:115:20:115:Infinity":101,"s:116:7:116:Infinity":102,"b:118:2:118:Infinity:undefined:undefined:undefined:undefined":44,"s:118:2:118:Infinity":103,"s:118:19:118:Infinity":104,"s:120:2:120:Infinity":105,"f:123:9:123:30":8,"s:124:23:125:Infinity":106,"b:124:23:124:Infinity:125:7:125:Infinity":45,"s:126:22:126:Infinity":107,"s:127:21:127:Infinity":108,"b:127:21:127:49:127:49:127:Infinity":46,"s:129:34:129:Infinity":109,"s:130:34:130:Infinity":110,"b:132:2:133:Infinity:133:7:133:Infinity":47,"s:132:2:133:Infinity":111,"s:132:27:132:Infinity":112,"b:133:7:133:Infinity:undefined:undefined:undefined:undefined":48,"s:133:7:133:Infinity":113,"s:133:32:133:Infinity":114,"b:135:2:136:Infinity:136:7:136:Infinity":49,"s:135:2:136:Infinity":115,"s:135:25:135:Infinity":116,"b:136:7:136:Infinity:undefined:undefined:undefined:undefined":50,"s:136:7:136:Infinity":117,"s:136:30:136:Infinity":118,"b:138:2:139:Infinity:139:7:139:Infinity":51,"s:138:2:139:Infinity":119,"s:138:22:138:Infinity":120,"b:139:7:139:Infinity:undefined:undefined:undefined:undefined":52,"s:139:7:139:Infinity":121,"s:139:27:139:Infinity":122,"b:141:2:141:Infinity:undefined:undefined:undefined:undefined":53,"s:141:2:141:Infinity":123,"s:141:25:141:Infinity":124,"b:143:2:144:Infinity:144:7:144:Infinity":54,"s:143:2:144:Infinity":125,"s:143:18:143:Infinity":126,"s:144:7:144:Infinity":127,"b:144:73:144:88:144:88:144:98":55,"b:146:2:146:Infinity:undefined:undefined:undefined:undefined":56,"s:146:2:146:Infinity":128,"s:146:27:146:Infinity":129,"b:148:2:148:Infinity:undefined:undefined:undefined:undefined":57,"s:148:2:148:Infinity":130,"s:148:23:148:Infinity":131,"b:150:2:151:Infinity:151:7:151:Infinity":58,"s:150:2:151:Infinity":132,"s:150:20:150:Infinity":133,"s:151:7:151:Infinity":134,"b:153:2:154:Infinity:154:7:154:Infinity":59,"s:153:2:154:Infinity":135,"s:153:19:153:Infinity":136,"s:154:7:154:Infinity":137,"s:156:2:156:Infinity":138,"f:159:9:159:23":9,"s:160:23:161:Infinity":139,"b:160:23:160:Infinity:161:7:161:Infinity":60,"s:162:22:162:Infinity":140,"s:164:34:164:Infinity":141,"s:165:34:165:Infinity":142,"b:167:2:168:Infinity:168:7:168:Infinity":61,"s:167:2:168:Infinity":143,"s:167:22:167:Infinity":144,"b:168:7:168:Infinity:undefined:undefined:undefined:undefined":62,"s:168:7:168:Infinity":145,"s:168:27:168:Infinity":146,"b:170:2:171:Infinity:171:7:171:Infinity":63,"s:170:2:171:Infinity":147,"s:170:25:170:Infinity":148,"b:171:7:171:Infinity:undefined:undefined:undefined:undefined":64,"s:171:7:171:Infinity":149,"s:171:30:171:Infinity":150,"b:173:2:173:Infinity:undefined:undefined:undefined:undefined":65,"s:173:2:173:Infinity":151,"s:173:23:173:Infinity":152,"b:175:2:175:Infinity:undefined:undefined:undefined:undefined":66,"s:175:2:175:Infinity":153,"s:175:27:175:Infinity":154,"b:177:2:177:Infinity:undefined:undefined:undefined:undefined":67,"s:177:2:177:Infinity":155,"s:177:22:177:Infinity":156,"b:179:2:179:Infinity:undefined:undefined:undefined:undefined":68,"s:179:2:179:Infinity":157,"s:179:25:179:Infinity":158,"b:181:2:181:Infinity:undefined:undefined:undefined:undefined":69,"s:181:2:181:Infinity":159,"s:181:21:181:Infinity":160,"b:183:2:183:Infinity:undefined:undefined:undefined:undefined":70,"s:183:2:183:Infinity":161,"s:183:22:183:Infinity":162,"b:185:2:186:Infinity:186:7:186:Infinity":71,"s:185:2:186:Infinity":163,"s:185:20:185:Infinity":164,"s:186:7:186:Infinity":165,"b:188:2:188:Infinity:undefined:undefined:undefined:undefined":72,"s:188:2:188:Infinity":166,"s:188:19:188:Infinity":167,"s:190:2:190:Infinity":168,"f:193:9:193:24":10,"s:194:23:195:Infinity":169,"b:194:23:194:Infinity:195:7:195:Infinity":73,"s:196:22:196:Infinity":170,"s:198:34:198:Infinity":171,"s:199:34:199:Infinity":172,"b:201:2:202:Infinity:202:7:202:Infinity":74,"s:201:2:202:Infinity":173,"s:201:25:201:Infinity":174,"b:202:7:202:Infinity:undefined:undefined:undefined:undefined":75,"s:202:7:202:Infinity":175,"s:202:30:202:Infinity":176,"b:204:2:205:Infinity:205:7:205:Infinity":76,"s:204:2:205:Infinity":177,"s:204:27:204:Infinity":178,"b:205:7:205:Infinity:undefined:undefined:undefined:undefined":77,"s:205:7:205:Infinity":179,"s:205:32:205:Infinity":180,"b:207:2:207:Infinity:undefined:undefined:undefined:undefined":78,"s:207:2:207:Infinity":181,"s:207:22:207:Infinity":182,"b:209:2:209:Infinity:undefined:undefined:undefined:undefined":79,"s:209:2:209:Infinity":183,"s:209:22:209:Infinity":184,"b:211:2:212:Infinity:212:7:212:Infinity":80,"s:211:2:212:Infinity":185,"s:211:23:211:Infinity":186,"b:212:7:212:Infinity:undefined:undefined:undefined:undefined":81,"s:212:7:212:Infinity":187,"s:212:28:212:Infinity":188,"b:214:2:215:Infinity:215:7:215:Infinity":82,"s:214:2:215:Infinity":189,"s:214:20:214:Infinity":190,"s:215:7:215:Infinity":191,"b:217:2:217:Infinity:undefined:undefined:undefined:undefined":83,"s:217:2:217:Infinity":192,"s:217:19:217:Infinity":193,"s:219:2:219:Infinity":194,"f:222:9:222:29":11,"s:223:23:224:Infinity":195,"b:223:23:223:Infinity:224:7:224:Infinity":84,"s:225:22:225:Infinity":196,"s:227:34:227:Infinity":197,"s:228:34:228:Infinity":198,"b:230:2:231:Infinity:231:7:231:Infinity":85,"s:230:2:231:Infinity":199,"s:230:21:230:Infinity":200,"b:231:7:231:Infinity:undefined:undefined:undefined:undefined":86,"s:231:7:231:Infinity":201,"s:231:26:231:Infinity":202,"b:233:2:234:Infinity:234:7:234:Infinity":87,"s:233:2:234:Infinity":203,"s:233:22:233:Infinity":204,"b:234:7:234:Infinity:undefined:undefined:undefined:undefined":88,"s:234:7:234:Infinity":205,"s:234:27:234:Infinity":206,"b:236:2:236:Infinity:undefined:undefined:undefined:undefined":89,"s:236:2:236:Infinity":207,"s:236:27:236:Infinity":208,"b:238:2:239:Infinity:239:7:239:Infinity":90,"s:238:2:239:Infinity":209,"s:238:25:238:Infinity":210,"b:239:7:239:Infinity:undefined:undefined:undefined:undefined":91,"s:239:7:239:Infinity":211,"s:239:30:239:Infinity":212,"b:241:2:242:Infinity:242:7:242:Infinity":92,"s:241:2:242:Infinity":213,"s:241:27:241:Infinity":214,"b:242:7:242:Infinity:undefined:undefined:undefined:undefined":93,"s:242:7:242:Infinity":215,"s:242:32:242:Infinity":216,"b:244:2:245:Infinity:245:7:245:Infinity":94,"s:244:2:245:Infinity":217,"s:244:22:244:Infinity":218,"b:245:7:245:Infinity:undefined:undefined:undefined:undefined":95,"s:245:7:245:Infinity":219,"s:245:27:245:Infinity":220,"b:247:2:248:Infinity:248:7:248:Infinity":96,"s:247:2:248:Infinity":221,"s:247:20:247:Infinity":222,"s:248:7:248:Infinity":223,"b:250:2:250:Infinity:undefined:undefined:undefined:undefined":97,"s:250:2:250:Infinity":224,"s:250:19:250:Infinity":225,"s:252:2:252:Infinity":226,"f:255:9:255:31":12,"s:256:23:257:Infinity":227,"b:256:23:256:Infinity:257:7:257:Infinity":98,"s:258:22:258:Infinity":228,"s:260:34:260:Infinity":229,"s:261:34:261:Infinity":230,"b:263:2:264:Infinity:264:7:264:Infinity":99,"s:263:2:264:Infinity":231,"s:263:25:263:Infinity":232,"b:264:7:264:Infinity:undefined:undefined:undefined:undefined":100,"s:264:7:264:Infinity":233,"s:264:30:264:Infinity":234,"b:266:2:266:Infinity:undefined:undefined:undefined:undefined":101,"s:266:2:266:Infinity":235,"s:266:27:266:Infinity":236,"b:268:2:268:Infinity:undefined:undefined:undefined:undefined":102,"s:268:2:268:Infinity":237,"s:268:21:268:Infinity":238,"b:270:2:270:Infinity:undefined:undefined:undefined:undefined":103,"s:270:2:270:Infinity":239,"s:270:22:270:Infinity":240,"b:272:2:272:Infinity:undefined:undefined:undefined:undefined":104,"s:272:2:272:Infinity":241,"s:272:27:272:Infinity":242,"b:274:2:274:Infinity:undefined:undefined:undefined:undefined":105,"s:274:2:274:Infinity":243,"s:274:24:274:Infinity":244,"b:276:2:276:Infinity:undefined:undefined:undefined:undefined":106,"s:276:2:276:Infinity":245,"s:276:22:276:Infinity":246,"b:278:2:278:Infinity:undefined:undefined:undefined:undefined":107,"s:278:2:278:Infinity":247,"s:278:23:278:Infinity":248,"b:280:2:281:Infinity:281:7:281:Infinity":108,"s:280:2:281:Infinity":249,"s:280:20:280:Infinity":250,"s:281:7:281:Infinity":251,"b:283:2:283:Infinity:undefined:undefined:undefined:undefined":109,"s:283:2:283:Infinity":252,"s:283:19:283:Infinity":253,"s:285:2:285:Infinity":254,"f:288:9:288:30":13,"s:289:23:290:Infinity":255,"b:289:23:289:Infinity:290:7:290:Infinity":110,"s:291:22:291:Infinity":256,"s:293:34:293:Infinity":257,"s:294:34:294:Infinity":258,"b:296:2:297:Infinity:297:7:297:Infinity":111,"s:296:2:297:Infinity":259,"s:296:27:296:Infinity":260,"b:297:7:297:Infinity:undefined:undefined:undefined:undefined":112,"s:297:7:297:Infinity":261,"s:297:32:297:Infinity":262,"b:299:2:300:Infinity:300:7:300:Infinity":113,"s:299:2:300:Infinity":263,"s:299:25:299:Infinity":264,"b:300:7:300:Infinity:undefined:undefined:undefined:undefined":114,"s:300:7:300:Infinity":265,"s:300:30:300:Infinity":266,"b:302:2:302:Infinity:undefined:undefined:undefined:undefined":115,"s:302:2:302:Infinity":267,"s:302:22:302:Infinity":268,"b:304:2:304:Infinity:undefined:undefined:undefined:undefined":116,"s:304:2:304:Infinity":269,"s:304:22:304:Infinity":270,"b:306:2:306:Infinity:undefined:undefined:undefined:undefined":117,"s:306:2:306:Infinity":271,"s:306:24:306:Infinity":272,"b:308:2:308:Infinity:undefined:undefined:undefined:undefined":118,"s:308:2:308:Infinity":273,"s:308:22:308:Infinity":274,"b:310:2:310:Infinity:undefined:undefined:undefined:undefined":119,"s:310:2:310:Infinity":275,"s:310:23:310:Infinity":276,"b:312:2:313:Infinity:313:7:313:Infinity":120,"s:312:2:313:Infinity":277,"s:312:20:312:Infinity":278,"s:313:7:313:Infinity":279,"b:315:2:315:Infinity:undefined:undefined:undefined:undefined":121,"s:315:2:315:Infinity":280,"s:315:19:315:Infinity":281,"s:317:2:317:Infinity":282,"f:320:9:320:30":14,"s:321:23:322:Infinity":283,"b:321:23:321:Infinity:322:7:322:Infinity":122,"s:323:22:323:Infinity":284,"s:325:34:325:Infinity":285,"s:326:34:326:Infinity":286,"b:328:2:329:Infinity:329:7:329:Infinity":123,"s:328:2:329:Infinity":287,"s:328:27:328:Infinity":288,"b:329:7:329:Infinity:undefined:undefined:undefined:undefined":124,"s:329:7:329:Infinity":289,"s:329:32:329:Infinity":290,"b:331:2:332:Infinity:332:7:332:Infinity":125,"s:331:2:332:Infinity":291,"s:331:25:331:Infinity":292,"b:332:7:332:Infinity:undefined:undefined:undefined:undefined":126,"s:332:7:332:Infinity":293,"s:332:30:332:Infinity":294,"b:334:2:334:Infinity:undefined:undefined:undefined:undefined":127,"s:334:2:334:Infinity":295,"s:334:22:334:Infinity":296,"b:336:2:336:Infinity:undefined:undefined:undefined:undefined":128,"s:336:2:336:Infinity":297,"s:336:25:336:Infinity":298,"b:338:2:339:Infinity:339:7:339:Infinity":129,"s:338:2:339:Infinity":299,"s:338:27:338:Infinity":300,"b:339:7:339:Infinity:undefined:undefined:undefined:undefined":130,"s:339:7:339:Infinity":301,"s:339:32:339:Infinity":302,"b:341:2:341:Infinity:undefined:undefined:undefined:undefined":131,"s:341:2:341:Infinity":303,"s:341:25:341:Infinity":304,"b:343:2:343:Infinity:undefined:undefined:undefined:undefined":132,"s:343:2:343:Infinity":305,"s:343:25:343:Infinity":306,"b:345:2:346:Infinity:346:7:346:Infinity":133,"s:345:2:346:Infinity":307,"s:345:20:345:Infinity":308,"s:346:7:346:Infinity":309,"b:348:2:348:Infinity:undefined:undefined:undefined:undefined":134,"s:348:2:348:Infinity":310,"s:348:19:348:Infinity":311,"s:350:2:350:Infinity":312,"s:355:126:366:Infinity":313,"f:370:16:370:Infinity":15,"s:374:2:387:Infinity":314,"f:374:60:374:64":16,"s:375:35:375:Infinity":315,"s:376:22:376:Infinity":316,"s:378:4:386:Infinity":317},"fnNames":{}}}
}
